TN:
SF:/home/kali/Desktop/laba3/Hash.cpp
FNL:0,16,38
FNA:0,2,_ZN4Hash6HPrintEv
FNL:1,3,7
FNA:1,6,_ZN4HashC2Ev
FNL:2,40,46
FNA:2,229,_ZN4Hash6HtransENSt7__cxx1112basic_stringIcSt11char_traitsIcESaIcEEE
FNL:3,48,71
FNA:3,116,_ZN4Hash5HPushENSt7__cxx1112basic_stringIcSt11char_traitsIcESaIcEEES5_
FNL:4,73,95
FNA:4,111,_ZN4Hash4HGetENSt7__cxx1112basic_stringIcSt11char_traitsIcESaIcEEE
FNL:5,8,15
FNA:5,115,_ZN4Hash8is_emptyEv
FNL:6,97,127
FNA:6,2,_ZN4Hash4HPopENSt7__cxx1112basic_stringIcSt11char_traitsIcESaIcEEE
FNF:7
FNH:7
DA:3,6
DA:4,48
DA:5,42
DA:7,6
DA:8,115
DA:9,144
DA:10,143
DA:11,114
DA:14,1
DA:16,2
DA:17,2
DA:18,2
DA:19,1
DA:20,1
DA:22,1
DA:23,8
DA:24,7
DA:25,7
DA:26,7
DA:27,2
DA:28,2
DA:29,4
DA:30,2
DA:31,2
DA:33,2
DA:35,7
DA:37,1
DA:40,229
DA:41,229
DA:42,1296
DA:43,1067
DA:45,229
DA:48,116
DA:49,116
DA:50,116
DA:51,116
DA:52,98
DA:53,2
DA:54,2
DA:55,2
DA:56,2
DA:58,96
DA:59,673
DA:60,577
DA:61,0
DA:62,0
DA:63,0
DA:64,0
DA:66,577
DA:69,114
DA:70,114
DA:73,111
DA:74,111
DA:75,0
DA:76,0
DA:78,111
DA:79,111
DA:80,1
DA:81,2
DA:83,110
DA:84,112
DA:85,111
DA:86,109
DA:88,2
DA:90,1
DA:91,1
DA:92,2
DA:94,0
DA:97,2
DA:98,2
DA:99,0
DA:100,0
DA:102,2
DA:103,2
DA:104,0
DA:105,0
DA:107,2
DA:108,2
DA:109,2
DA:110,2
DA:111,2
DA:112,2
DA:114,0
DA:115,0
DA:116,0
DA:117,0
DA:118,0
DA:119,0
DA:121,0
DA:123,0
DA:124,0
DA:125,0
LF:92
LH:71
end_of_record
TN:
SF:/home/kali/Desktop/laba3/Header.h
FNL:0,55,55
FNA:0,15,_ZN3StkC2Ev
FNF:1
FNH:1
DA:55,15
LF:1
LH:1
end_of_record
TN:
SF:/home/kali/Desktop/laba3/ListD.cpp
FNL:0,118,144
FNA:0,14,_ZN6LIST_d5LdGETENSt7__cxx1112basic_stringIcSt11char_traitsIcESaIcEEE
FNL:1,21,33
FNA:1,110,_ZN6LIST_d10LdPUSH_endENSt7__cxx1112basic_stringIcSt11char_traitsIcESaIcEEE
FNL:2,3,5
FNA:2,345,_ZN6LIST_d8is_emptyEv
FNL:3,35,46
FNA:3,6,_ZN6LIST_d12LdPUSH_frontENSt7__cxx1112basic_stringIcSt11char_traitsIcESaIcEEE
FNL:4,48,62
FNA:4,105,_ZN6LIST_d10LdPOP_headEv
FNL:5,64,77
FNA:5,101,_ZN6LIST_d9LdPOP_endEv
FNL:6,7,19
FNA:6,2,_ZN6LIST_d7LdPRINTEv
FNL:7,79,116
FNA:7,3,_ZN6LIST_d10LdPOP_dataENSt7__cxx1112basic_stringIcSt11char_traitsIcESaIcEEE
FNF:8
FNH:8
DA:3,345
DA:4,345
DA:7,2
DA:8,2
DA:9,2
DA:10,1
DA:11,1
DA:13,1
DA:14,2
DA:15,1
DA:16,1
DA:18,1
DA:21,110
DA:22,110
DA:23,110
DA:24,105
DA:25,105
DA:26,105
DA:29,5
DA:30,5
DA:31,5
DA:35,6
DA:36,6
DA:37,6
DA:38,5
DA:39,5
DA:40,5
DA:43,1
DA:44,1
DA:46,6
DA:48,105
DA:49,105
DA:50,0
DA:51,0
DA:53,105
DA:54,100
DA:55,100
DA:56,100
DA:58,5
DA:59,5
DA:60,5
DA:61,5
DA:64,101
DA:65,101
DA:66,0
DA:67,0
DA:69,101
DA:70,101
DA:71,100
DA:72,100
DA:74,1
DA:75,1
DA:76,1
DA:79,3
DA:81,3
DA:82,3
DA:83,3
DA:84,0
DA:85,0
DA:87,3
DA:88,5
DA:89,4
DA:90,4
DA:91,0
DA:94,1
DA:95,1
DA:97,7
DA:98,4
DA:99,1
DA:100,1
DA:101,1
DA:102,1
DA:103,1
DA:105,4
DA:107,3
DA:108,0
DA:109,0
DA:111,3
DA:112,1
DA:113,1
DA:118,14
DA:119,14
DA:120,14
DA:121,14
DA:122,14
DA:123,1
DA:124,1
DA:126,13
DA:127,22
DA:128,9
DA:129,3
DA:130,3
DA:132,9
DA:133,9
DA:135,13
DA:136,5
DA:137,5
DA:139,13
DA:140,5
DA:141,5
DA:143,8
LF:101
LH:92
end_of_record
TN:
SF:/home/kali/Desktop/laba3/ListS.cpp
FNL:0,127,153
FNA:0,19,_ZN6LIST_S5LsGETENSt7__cxx1112basic_stringIcSt11char_traitsIcESaIcEEE
FNL:1,21,34
FNA:1,111,_ZN6LIST_S10LsPUSH_endENSt7__cxx1112basic_stringIcSt11char_traitsIcESaIcEEE
FNL:2,3,5
FNA:2,349,_ZN6LIST_S8is_emptyEv
FNL:3,36,45
FNA:3,3,_ZN6LIST_S12LsPUSH_frontENSt7__cxx1112basic_stringIcSt11char_traitsIcESaIcEEE
FNL:4,47,55
FNA:4,103,_ZN6LIST_S10LsPOP_headEv
FNL:5,57,74
FNA:5,103,_ZN6LIST_S9LsPOP_endEv
FNL:6,7,19
FNA:6,2,_ZN6LIST_S7LsPRINTEv
FNL:7,76,124
FNA:7,3,_ZN6LIST_S10LsPOP_dataENSt7__cxx1112basic_stringIcSt11char_traitsIcESaIcEEE
FNF:8
FNH:8
DA:3,349
DA:4,349
DA:7,2
DA:8,2
DA:9,2
DA:10,1
DA:11,1
DA:13,1
DA:14,2
DA:15,1
DA:16,1
DA:18,1
DA:21,111
DA:22,111
DA:23,111
DA:24,111
DA:25,105
DA:26,105
DA:29,8
DA:30,2
DA:32,6
DA:36,3
DA:37,3
DA:38,3
DA:39,2
DA:40,2
DA:43,1
DA:45,3
DA:47,103
DA:48,103
DA:49,0
DA:50,0
DA:52,103
DA:53,103
DA:54,103
DA:57,103
DA:59,103
DA:60,103
DA:61,0
DA:62,0
DA:64,103
DA:65,101
DA:66,101
DA:68,3
DA:69,1
DA:71,2
DA:72,2
DA:73,2
DA:76,3
DA:77,3
DA:78,3
DA:79,3
DA:80,0
DA:81,0
DA:83,3
DA:84,2
DA:85,1
DA:86,1
DA:87,0
DA:89,1
DA:92,3
DA:93,2
DA:95,1
DA:96,1
DA:97,1
DA:98,1
DA:99,1
DA:100,1
DA:102,1
DA:103,1
DA:104,1
DA:107,1
DA:108,0
DA:110,1
DA:111,1
DA:112,0
DA:113,0
DA:116,0
DA:117,0
DA:118,0
DA:120,1
DA:121,0
DA:122,0
DA:127,19
DA:128,19
DA:129,19
DA:130,19
DA:131,19
DA:132,2
DA:133,2
DA:135,17
DA:136,33
DA:137,16
DA:138,4
DA:139,4
DA:141,16
DA:142,16
DA:144,17
DA:145,6
DA:146,6
DA:148,17
DA:149,7
DA:150,7
DA:152,10
LF:104
LH:89
end_of_record
TN:
SF:/home/kali/Desktop/laba3/TEST.cpp
FNL:0,104,122
FNA:0,3,_ZL21test_push_end_invokerv
FNA:0,3,_ZN13test_push_end11test_methodEv
FNL:1,124,146
FNA:1,3,_ZL23test_push_index_invokerv
FNA:1,3,_ZN15test_push_index11test_methodEv
FNL:2,14,20
FNA:2,1,_Z12runBenchmarkIZN20BenchmarkListPushPop11test_methodEvEUlvE_EvRKNSt7__cxx1112basic_stringIcSt11char_traitsIcESaIcEEET_
FNA:2,3,_Z12runBenchmarkIZN21BenchmarkQueuePushPop11test_methodEvEUlvE_EvRKNSt7__cxx1112basic_stringIcSt11char_traitsIcESaIcEEET_
FNA:2,3,_Z12runBenchmarkIZN21BenchmarkStackPushPop11test_methodEvEUlvE_EvRKNSt7__cxx1112basic_stringIcSt11char_traitsIcESaIcEEET_
FNA:2,1,_Z12runBenchmarkIZN22BenchmarkHashInsertGet11test_methodEvEUlvE_EvRKNSt7__cxx1112basic_stringIcSt11char_traitsIcESaIcEEET_
FNA:2,1,_Z12runBenchmarkIZN23BenchmarkTreeInsertFind11test_methodEvEUlvE_EvRKNSt7__cxx1112basic_stringIcSt11char_traitsIcESaIcEEET_
FNA:2,1,_Z12runBenchmarkIZN24BenchmarkMassivePopIndex11test_methodEvEUlvE_EvRKNSt7__cxx1112basic_stringIcSt11char_traitsIcESaIcEEET_
FNA:2,3,_Z12runBenchmarkIZN24BenchmarkMassivePushBack11test_methodEvEUlvE_EvRKNSt7__cxx1112basic_stringIcSt11char_traitsIcESaIcEEET_
FNA:2,1,_Z12runBenchmarkIZN26BenchmarkDoubleListPushPop11test_methodEvEUlvE_EvRKNSt7__cxx1112basic_stringIcSt11char_traitsIcESaIcEEET_
FNL:3,148,165
FNA:3,3,_ZL22test_pop_index_invokerv
FNA:3,3,_ZN14test_pop_index11test_methodEv
FNL:4,167,180
FNA:4,3,_ZL26test_replace_index_invokerv
FNA:4,3,_ZN18test_replace_index11test_methodEv
FNL:5,181,186
FNA:5,3,_ZL17test_size_invokerv
FNA:5,3,_ZN9test_size11test_methodEv
FNL:6,189,196
FNA:6,3,_ZL32BenchmarkMassivePushBack_invokerv
FNA:6,3,_ZN24BenchmarkMassivePushBack11test_methodEv
FNL:7,191,195
FNA:7,3,_ZZN24BenchmarkMassivePushBack11test_methodEvENKUlvE_clEv
FNL:8,198,208
FNA:8,1,_ZL32BenchmarkMassivePopIndex_invokerv
FNA:8,1,_ZN24BenchmarkMassivePopIndex11test_methodEv
FNL:9,203,207
FNA:9,1,_ZZN24BenchmarkMassivePopIndex11test_methodEvENKUlvE_clEv
FNL:10,212,221
FNA:10,1,_ZL27test_insert_and_get_invokerv
FNA:10,1,_ZN19test_insert_and_get11test_methodEv
FNL:11,22,27
FNA:11,3,_ZL23test_push_stack_invokerv
FNA:11,3,_ZN15test_push_stack11test_methodEv
FNL:12,223,243
FNA:12,1,_ZL25test_update_value_invokerv
FNA:12,1,_ZN17test_update_value11test_methodEv
FNL:13,245,268
FNA:13,1,_ZL19test_remove_invokerv
FNA:13,1,_ZN11test_remove11test_methodEv
FNL:14,270,278
FNA:14,1,_ZL23test_print_hash_invokerv
FNA:14,1,_ZN15test_print_hash11test_methodEv
FNL:15,28,37
FNA:15,3,_ZL22test_pop_stack_invokerv
FNA:15,3,_ZN14test_pop_stack11test_methodEv
FNL:16,280,288
FNA:16,1,_ZL31test_collision_handling_invokerv
FNA:16,1,_ZN23test_collision_handling11test_methodEv
FNL:17,291,299
FNA:17,1,_ZL30BenchmarkHashInsertGet_invokerv
FNA:17,1,_ZN22BenchmarkHashInsertGet11test_methodEv
FNL:18,293,298
FNA:18,1,_ZZN22BenchmarkHashInsertGet11test_methodEvENKUlvE_clEv
FNL:19,302,313
FNA:19,1,_ZL17test_push_invokerv
FNA:19,1,_ZN9test_push11test_methodEv
FNL:20,314,322
FNA:20,1,_ZL17test_find_invokerv
FNA:20,1,_ZN9test_find11test_methodEv
FNL:21,324,331
FNA:21,1,_ZL16test_bin_invokerv
FNA:21,1,_ZN8test_bin11test_methodEv
FNL:22,333,336
FNA:22,1,_ZL17test_emty_invokerv
FNA:22,1,_ZN9test_emty11test_methodEv
FNL:23,338,346
FNA:23,1,_ZL31BenchmarkTreeInsertFind_invokerv
FNA:23,1,_ZN23BenchmarkTreeInsertFind11test_methodEv
FNL:24,340,345
FNA:24,1,_ZZN23BenchmarkTreeInsertFind11test_methodEvENKUlvE_clEv
FNL:25,348,353
FNA:25,1,_ZL21test_print_ls_invokerv
FNA:25,1,_ZN13test_print_ls11test_methodEv
FNL:26,354,365
FNA:26,1,_ZL24test_push_end_ls_invokerv
FNA:26,1,_ZN16test_push_end_ls11test_methodEv
FNL:27,367,374
FNA:27,1,_ZL22test_push_head_invokerv
FNA:27,1,_ZN14test_push_head11test_methodEv
FNL:28,376,384
FNA:28,1,_ZL22test_pop_front_invokerv
FNA:28,1,_ZN14test_pop_front11test_methodEv
FNL:29,38,44
FNA:29,3,_ZL24test_print_stack_invokerv
FNA:29,3,_ZN16test_print_stack11test_methodEv
FNL:30,386,398
FNA:30,1,_ZL20test_pop_end_invokerv
FNA:30,1,_ZN12test_pop_end11test_methodEv
FNL:31,400,414
FNA:31,1,_ZL22test_pop_znach_invokerv
FNA:31,1,_ZN14test_pop_znach11test_methodEv
FNL:32,416,419
FNA:32,1,_ZL23test_empty_list_invokerv
FNA:32,1,_ZN15test_empty_list11test_methodEv
FNL:33,421,429
FNA:33,1,_ZL28BenchmarkListPushPop_invokerv
FNA:33,1,_ZN20BenchmarkListPushPop11test_methodEv
FNL:34,423,428
FNA:34,1,_ZZN20BenchmarkListPushPop11test_methodEvENKUlvE_clEv
FNL:35,431,436
FNA:35,1,_ZL21test_print_ld_invokerv
FNA:35,1,_ZN13test_print_ld11test_methodEv
FNL:36,437,446
FNA:36,1,_ZL24test_push_end_ld_invokerv
FNA:36,1,_ZN16test_push_end_ld11test_methodEv
FNL:37,448,455
FNA:37,1,_ZL25test_push_head_ld_invokerv
FNA:37,1,_ZN17test_push_head_ld11test_methodEv
FNL:38,45,48
FNA:38,3,_ZL24test_empty_stack_invokerv
FNA:38,3,_ZN16test_empty_stack11test_methodEv
FNL:39,457,465
FNA:39,1,_ZL25test_pop_front_ld_invokerv
FNA:39,1,_ZN17test_pop_front_ld11test_methodEv
FNL:40,467,475
FNA:40,1,_ZL23test_pop_end_ld_invokerv
FNA:40,1,_ZN15test_pop_end_ld11test_methodEv
FNL:41,477,492
FNA:41,1,_ZL25test_pop_znach_ld_invokerv
FNA:41,1,_ZN17test_pop_znach_ld11test_methodEv
FNL:42,49,57
FNA:42,3,_ZL29BenchmarkStackPushPop_invokerv
FNA:42,3,_ZN21BenchmarkStackPushPop11test_methodEv
FNL:43,493,496
FNA:43,1,_ZL26test_empty_list_ld_invokerv
FNA:43,1,_ZN18test_empty_list_ld11test_methodEv
FNL:44,498,506
FNA:44,1,_ZL34BenchmarkDoubleListPushPop_invokerv
FNA:44,1,_ZN26BenchmarkDoubleListPushPop11test_methodEv
FNL:45,500,505
FNA:45,1,_ZZN26BenchmarkDoubleListPushPop11test_methodEvENKUlvE_clEv
FNL:46,51,56
FNA:46,3,_ZZN21BenchmarkStackPushPop11test_methodEvENKUlvE_clEv
FNL:47,60,65
FNA:47,3,_ZL20test_print_q_invokerv
FNA:47,3,_ZN12test_print_q11test_methodEv
FNL:48,66,70
FNA:48,3,_ZL23test_push_queue_invokerv
FNA:48,3,_ZN15test_push_queue11test_methodEv
FNL:49,72,80
FNA:49,3,_ZL22test_pop_queue_invokerv
FNA:49,3,_ZN14test_pop_queue11test_methodEv
FNL:50,82,85
FNA:50,3,_ZL24test_empty_queue_invokerv
FNA:50,3,_ZN16test_empty_queue11test_methodEv
FNL:51,87,95
FNA:51,3,_ZL29BenchmarkQueuePushPop_invokerv
FNA:51,3,_ZN21BenchmarkQueuePushPop11test_methodEv
FNL:52,89,94
FNA:52,3,_ZZN21BenchmarkQueuePushPop11test_methodEvENKUlvE_clEv
FNL:53,98,103
FNA:53,3,_ZL22test_print_mas_invokerv
FNA:53,3,_ZN14test_print_mas11test_methodEv
FNF:54
FNH:54
DA:14,14
DA:15,14
DA:16,14
DA:17,12
DA:18,12
DA:19,12
DA:20,12
DA:22,6
DA:23,3
DA:24,6
DA:26,3
DA:27,3
DA:28,6
DA:29,3
DA:30,6
DA:31,3
DA:32,3
DA:33,3
DA:34,3
DA:35,3
DA:36,3
DA:37,3
DA:38,6
DA:39,3
DA:40,3
DA:41,6
DA:42,3
DA:44,3
DA:45,6
DA:46,3
DA:47,3
DA:48,3
DA:49,6
DA:50,3
DA:51,9
DA:52,200103
DA:53,400200
DA:54,200100
DA:56,3
DA:57,3
DA:60,6
DA:61,3
DA:62,3
DA:63,6
DA:64,3
DA:65,3
DA:66,6
DA:67,3
DA:68,6
DA:69,3
DA:70,3
DA:72,6
DA:73,3
DA:74,6
DA:75,3
DA:76,3
DA:77,3
DA:78,3
DA:79,3
DA:80,3
DA:82,6
DA:83,3
DA:84,3
DA:85,3
DA:87,6
DA:88,3
DA:89,9
DA:90,200103
DA:91,400200
DA:92,200100
DA:94,3
DA:95,3
DA:98,6
DA:99,3
DA:100,3
DA:101,6
DA:102,3
DA:103,3
DA:104,6
DA:105,3
DA:106,6
DA:107,3
DA:108,3
DA:110,3
DA:111,3
DA:112,3
DA:113,3
DA:114,24
DA:115,21
DA:116,21
DA:118,3
DA:119,3
DA:120,3
DA:122,3
DA:124,6
DA:125,3
DA:126,3
DA:127,3
DA:129,3
DA:130,3
DA:131,3
DA:132,3
DA:133,3
DA:134,3
DA:135,3
DA:136,3
DA:137,3
DA:138,3
DA:139,27
DA:140,24
DA:141,24
DA:143,3
DA:144,3
DA:145,3
DA:146,3
DA:148,6
DA:149,3
DA:150,6
DA:151,3
DA:152,3
DA:154,3
DA:155,3
DA:156,3
DA:158,3
DA:159,3
DA:160,3
DA:161,3
DA:162,3
DA:163,3
DA:165,3
DA:167,6
DA:168,3
DA:169,6
DA:170,3
DA:171,3
DA:173,3
DA:174,3
DA:175,3
DA:177,3
DA:178,3
DA:179,3
DA:180,3
DA:181,6
DA:182,3
DA:183,3
DA:185,3
DA:186,3
DA:189,6
DA:190,3
DA:191,9
DA:192,53
DA:193,154
DA:195,1
DA:196,1
DA:198,2
DA:199,1
DA:200,11
DA:201,20
DA:203,3
DA:204,11
DA:205,10
DA:207,1
DA:208,1
DA:212,2
DA:213,1
DA:214,4
DA:215,4
DA:216,4
DA:217,2
DA:219,1
DA:221,1
DA:223,2
DA:224,1
DA:225,4
DA:226,4
DA:227,4
DA:228,2
DA:230,1
DA:232,4
DA:233,2
DA:235,1
DA:236,4
DA:237,2
DA:239,1
DA:240,4
DA:241,2
DA:242,1
DA:243,1
DA:245,2
DA:246,1
DA:247,4
DA:248,4
DA:250,2
DA:252,1
DA:254,2
DA:256,2
DA:258,1
DA:260,2
DA:262,1
DA:263,4
DA:264,2
DA:265,2
DA:266,1
DA:268,1
DA:270,2
DA:271,1
DA:272,1
DA:273,1
DA:274,4
DA:275,3
DA:276,1
DA:277,1
DA:278,1
DA:280,2
DA:281,1
DA:282,4
DA:283,4
DA:284,2
DA:285,1
DA:286,2
DA:287,1
DA:288,1
DA:291,2
DA:292,1
DA:293,3
DA:294,101
DA:295,100
DA:296,100
DA:298,1
DA:299,1
DA:302,2
DA:303,1
DA:304,2
DA:305,2
DA:306,2
DA:307,2
DA:308,2
DA:309,2
DA:310,1
DA:311,2
DA:312,1
DA:313,1
DA:314,2
DA:315,1
DA:316,2
DA:317,1
DA:318,1
DA:319,3
DA:320,3
DA:321,3
DA:322,1
DA:324,2
DA:325,1
DA:326,2
DA:327,2
DA:328,1
DA:329,2
DA:330,1
DA:331,1
DA:333,2
DA:334,1
DA:335,1
DA:336,1
DA:338,2
DA:339,1
DA:340,3
DA:341,101
DA:342,100
DA:343,100
DA:345,1
DA:346,1
DA:348,2
DA:349,1
DA:350,1
DA:351,2
DA:352,1
DA:353,1
DA:354,2
DA:355,1
DA:356,2
DA:357,2
DA:358,2
DA:360,3
DA:361,3
DA:362,3
DA:363,3
DA:365,1
DA:367,2
DA:368,1
DA:369,2
DA:370,2
DA:371,3
DA:372,3
DA:373,3
DA:374,1
DA:376,2
DA:377,1
DA:378,2
DA:379,1
DA:381,1
DA:382,3
DA:383,3
DA:384,1
DA:386,2
DA:387,1
DA:388,2
DA:389,2
DA:390,1
DA:392,1
DA:393,3
DA:394,3
DA:395,1
DA:396,1
DA:397,3
DA:398,1
DA:400,2
DA:401,1
DA:402,2
DA:403,2
DA:404,2
DA:405,2
DA:406,3
DA:407,3
DA:408,3
DA:409,2
DA:410,3
DA:411,3
DA:412,3
DA:413,1
DA:414,1
DA:416,2
DA:417,1
DA:418,3
DA:419,1
DA:421,2
DA:422,1
DA:423,3
DA:424,101
DA:425,200
DA:426,100
DA:428,1
DA:429,1
DA:431,2
DA:432,1
DA:433,1
DA:434,2
DA:435,1
DA:436,1
DA:437,2
DA:438,1
DA:439,2
DA:440,2
DA:442,3
DA:443,3
DA:444,3
DA:446,1
DA:448,2
DA:449,1
DA:450,2
DA:451,2
DA:452,3
DA:453,3
DA:454,3
DA:455,1
DA:457,2
DA:458,1
DA:459,2
DA:460,1
DA:462,1
DA:463,3
DA:464,3
DA:465,1
DA:467,2
DA:468,1
DA:469,2
DA:470,1
DA:472,1
DA:473,3
DA:474,3
DA:475,1
DA:477,2
DA:478,1
DA:479,2
DA:480,2
DA:481,2
DA:482,2
DA:483,3
DA:484,3
DA:485,3
DA:486,2
DA:487,2
DA:488,2
DA:489,2
DA:490,2
DA:491,1
DA:492,1
DA:493,2
DA:494,1
DA:495,3
DA:496,1
DA:498,2
DA:499,1
DA:500,3
DA:501,101
DA:502,200
DA:503,100
DA:505,1
DA:506,1
LF:408
LH:408
end_of_record
TN:
SF:/home/kali/Desktop/laba3/Tree.cpp
FNL:0,29,55
FNA:0,106,_ZN4Tree5TFindEP5TNodeNSt7__cxx1112basic_stringIcSt11char_traitsIcESaIcEEE
FNL:1,3,5
FNA:1,967,_ZN4Tree8is_emptyEv
FNL:2,57,75
FNA:2,4,_ZN4Tree7is_fullEP5TNode
FNL:3,7,27
FNA:3,856,_ZN4Tree5TPushEP5TNodeNSt7__cxx1112basic_stringIcSt11char_traitsIcESaIcEEE
FNL:4,76,85
FNA:4,5,_ZN4Tree10print_TreeEP5TNodei
FNF:5
FNH:5
DA:3,967
DA:4,967
DA:7,856
DA:8,856
DA:9,4
DA:10,4
DA:12,852
DA:13,54
DA:14,54
DA:16,798
DA:17,51
DA:18,51
DA:20,747
DA:21,617
DA:22,617
DA:24,130
DA:25,130
DA:29,106
DA:30,106
DA:31,0
DA:32,0
DA:34,106
DA:35,3
DA:37,103
DA:38,850
DA:39,849
DA:40,849
DA:41,52
DA:42,52
DA:44,797
DA:45,50
DA:46,50
DA:48,747
DA:49,617
DA:51,130
DA:54,103
DA:57,4
DA:58,4
DA:59,0
DA:60,0
DA:62,4
DA:63,0
DA:65,4
DA:66,2
DA:69,2
DA:70,1
DA:73,1
DA:76,5
DA:78,5
DA:80,2
DA:81,6
DA:82,2
DA:83,2
DA:85,5
LF:54
LH:49
end_of_record
TN:
SF:/home/kali/Desktop/laba3/massive.cpp
FNL:0,106,119
FNA:0,39,_ZN7Massive4MGetB5cxx11Ei
FNL:1,121,123
FNA:1,3,_ZN7Massive4SizeEv
FNL:2,13,15
FNA:2,73,_ZN7Massive8is_emptyEv
FNL:3,17,29
FNA:3,6,_ZN7Massive6MPrintEv
FNL:4,3,7
FNA:4,22,_ZN7MassiveC2Ev
FNL:5,31,43
FNA:5,134,_ZN7Massive9MPushbackENSt7__cxx1112basic_stringIcSt11char_traitsIcESaIcEEE
FNL:6,45,75
FNA:6,9,_ZN7Massive8MPushindEiNSt7__cxx1112basic_stringIcSt11char_traitsIcESaIcEEE
FNL:7,77,91
FNA:7,16,_ZN7Massive7MPopindEi
FNL:8,9,11
FNA:8,6,_ZN7MassiveixB5cxx11Ei
FNL:9,93,104
FNA:9,3,_ZN7Massive7MChangeEiNSt7__cxx1112basic_stringIcSt11char_traitsIcESaIcEEE
FNF:10
FNH:10
DA:3,242
DA:4,242
DA:5,220
DA:7,22
DA:9,6
DA:10,6
DA:13,73
DA:14,73
DA:17,6
DA:18,6
DA:19,3
DA:20,3
DA:22,3
DA:23,3
DA:24,6
DA:25,3
DA:26,3
DA:28,3
DA:31,134
DA:32,134
DA:33,134
DA:34,672
DA:35,452
DA:36,422
DA:38,530
DA:39,30
DA:41,132
DA:42,132
DA:45,9
DA:46,9
DA:47,0
DA:48,0
DA:50,9
DA:51,3
DA:52,3
DA:54,6
DA:55,6
DA:56,63
DA:57,30
DA:58,27
DA:60,3
DA:61,3
DA:62,0
DA:64,63
DA:65,3
DA:66,3
DA:69,6
DA:70,3
DA:73,3
DA:74,3
DA:77,16
DA:78,16
DA:79,0
DA:80,0
DA:82,16
DA:83,3
DA:84,3
DA:86,13
DA:87,61
DA:88,48
DA:89,48
DA:93,3
DA:94,33
DA:95,3
DA:96,0
DA:97,0
DA:99,3
DA:100,0
DA:101,0
DA:103,3
DA:106,39
DA:107,39
DA:108,0
DA:109,0
DA:111,39
DA:112,6
DA:113,12
DA:116,33
DA:117,33
DA:118,33
DA:121,3
DA:122,3
LF:82
LH:71
end_of_record
TN:
SF:/home/kali/Desktop/laba3/queue.cpp
FNL:0,21,31
FNA:0,200112,_ZN5Queue5QPushENSt7__cxx1112basic_stringIcSt11char_traitsIcESaIcEEE
FNL:1,3,5
FNA:1,400236,_ZN5Queue8is_emptyEv
FNL:2,33,41
FNA:2,200106,_ZN5Queue4QPopEv
FNL:3,7,20
FNA:3,6,_ZN5Queue6QPrintEv
FNF:4
FNH:4
DA:3,400236
DA:4,400236
DA:7,6
DA:8,6
DA:9,3
DA:10,3
DA:12,3
DA:13,3
DA:15,6
DA:16,3
DA:17,3
DA:19,3
DA:21,200112
DA:22,200112
DA:23,200112
DA:24,200109
DA:25,200109
DA:27,3
DA:28,3
DA:29,3
DA:31,200112
DA:33,200106
DA:34,200106
DA:35,0
DA:36,0
DA:38,200106
DA:39,200106
DA:40,200106
LF:28
LH:26
end_of_record
TN:
SF:/home/kali/Desktop/laba3/stack.cpp
FNL:0,15,23
FNA:0,200109,_ZN3Stk4SPOPEv
FNL:1,25,38
FNA:1,6,_ZN3Stk10printStackEv
FNL:2,4,6
FNA:2,200127,_ZN3Stk8is_emptyEv
FNL:3,8,13
FNA:3,200112,_ZN3Stk5SPUSHENSt7__cxx1112basic_stringIcSt11char_traitsIcESaIcEEE
FNF:4
FNH:4
DA:4,200127
DA:5,200127
DA:8,200112
DA:9,200112
DA:10,200112
DA:11,200112
DA:12,200112
DA:13,200112
DA:15,200109
DA:16,200109
DA:17,3
DA:18,3
DA:20,200106
DA:21,200106
DA:22,200106
DA:25,6
DA:26,6
DA:27,3
DA:28,3
DA:30,3
DA:31,3
DA:32,6
DA:33,3
DA:34,3
DA:36,3
DA:37,3
LF:26
LH:26
end_of_record
TN:
SF:/usr/include/boost/algorithm/cxx11/all_of.hpp
FNL:0,31,37
FNA:0,645,_ZN5boost9algorithm6all_ofIN9__gnu_cxx17__normal_iteratorIPcNSt7__cxx1112basic_stringIcSt11char_traitsIcESaIcEEEEEPFbcEEEbT_SE_T0_
FNF:1
FNH:1
DA:31,645
DA:33,3393
DA:34,2748
DA:35,0
DA:36,645
LF:5
LH:4
end_of_record
TN:
SF:/usr/include/boost/bind/arg.hpp
FNL:0,39,41
FNA:0,0,_ZN5boost3argILi1EEC2Ev
FNF:1
FNH:0
DA:39,0
DA:41,0
LF:2
LH:0
end_of_record
TN:
SF:/usr/include/boost/bind/bind.hpp
FNL:0,102,102
FNA:0,0,_ZN5boost3_bi5valueINS_10shared_ptrINS_9unit_test17test_unit_fixtureEEEEC2ERKS5_
FNA:0,0,_ZN5boost3_bi5valueINS_9unit_test13output_formatEEC2ERKS3_
FNA:0,9,_ZN5boost3_bi5valueINS_9unit_test17test_case_counter19readonly_property43EEC2ERKS4_
FNA:0,3,_ZN5boost3_bi5valueIPFPNS_9unit_test10test_suiteEiPPcEEC2ERKS8_
FNA:0,9,_ZN5boost3_bi5valueIPNS_9unit_test13test_observerEEC2ERKS4_
FNA:0,0,_ZN5boost3_bi5valueIPNS_9unit_test15unit_test_log_tEEC2ERKS4_
FNA:0,9,_ZN5boost3_bi5valueImEC2ERKm
FNL:1,104,104
FNA:1,0,_ZN5boost3_bi5valueINS_10shared_ptrINS_9unit_test17test_unit_fixtureEEEE3getEv
FNA:1,0,_ZN5boost3_bi5valueINS_9unit_test13output_formatEE3getEv
FNA:1,9,_ZN5boost3_bi5valueINS_9unit_test17test_case_counter19readonly_property43EE3getEv
FNA:1,3,_ZN5boost3_bi5valueIPFPNS_9unit_test10test_suiteEiPPcEE3getEv
FNA:1,9,_ZN5boost3_bi5valueIPNS_9unit_test13test_observerEE3getEv
FNA:1,0,_ZN5boost3_bi5valueIPNS_9unit_test15unit_test_log_tEE3getEv
FNA:1,9,_ZN5boost3_bi5valueImE3getEv
FNL:2,1267,1267
FNA:2,0,_ZN5boost3_bi6bind_tIbNS_4_mfi4cmf1IbNS_9unit_test9framework4impl11name_filter9componentERKNS4_9test_unitEEENS0_5list2INS_3argILi1EEENS_17reference_wrapperISA_EEEEEC2ESC_RKSI_
FNA:2,0,_ZN5boost3_bi6bind_tIvNS_4_mfi3mf0IvNS_9unit_test17test_unit_fixtureEEENS0_5list1INS0_5valueINS_10shared_ptrIS5_EEEEEEEC2ES6_RKSC_
FNA:2,0,_ZN5boost3_bi6bind_tIvNS_4_mfi3mf1IvNS_9unit_test15unit_test_log_tERSoEENS0_5list2INS0_5valueIPS5_EENS_17reference_wrapperISoEEEEEC2ES7_RKSE_
FNA:2,9,_ZN5boost3_bi6bind_tIvNS_4_mfi3mf2IvNS_9unit_test13test_observerEmmEENS0_5list3INS0_5valueIPS5_EENS8_INS4_17test_case_counter19readonly_property43EEENS8_ImEEEEEC2ES6_RKSF_
FNA:2,0,_ZN5boost3_bi6bind_tIvNS_4_mfi3mf2IvNS_9unit_test15unit_test_log_tENS4_13output_formatERSoEENS0_5list3INS0_5valueIPS5_EENSA_IS6_EENS_17reference_wrapperISoEEEEEC2ES8_RKSG_
FNA:2,3,_ZN5boost3_bi6bind_tIvPFvPFPNS_9unit_test10test_suiteEiPPcEENS0_5list1INS0_5valueIS8_EEEEEC2ESA_RKSE_
FNA:2,0,_ZN5boost3_bi6bind_tIvPFvRSoENS0_5list1INS_17reference_wrapperISoEEEEEC2ES4_RKS8_
FNL:3,1271,1275
FNA:3,0,_ZN5boost3_bi6bind_tIvNS_4_mfi3mf0IvNS_9unit_test17test_unit_fixtureEEENS0_5list1INS0_5valueINS_10shared_ptrIS5_EEEEEEEclEv
FNA:3,0,_ZN5boost3_bi6bind_tIvNS_4_mfi3mf1IvNS_9unit_test15unit_test_log_tERSoEENS0_5list2INS0_5valueIPS5_EENS_17reference_wrapperISoEEEEEclEv
FNA:3,9,_ZN5boost3_bi6bind_tIvNS_4_mfi3mf2IvNS_9unit_test13test_observerEmmEENS0_5list3INS0_5valueIPS5_EENS8_INS4_17test_case_counter19readonly_property43EEENS8_ImEEEEEclEv
FNA:3,0,_ZN5boost3_bi6bind_tIvNS_4_mfi3mf2IvNS_9unit_test15unit_test_log_tENS4_13output_formatERSoEENS0_5list3INS0_5valueIPS5_EENSA_IS6_EENS_17reference_wrapperISoEEEEEclEv
FNA:3,3,_ZN5boost3_bi6bind_tIvPFvPFPNS_9unit_test10test_suiteEiPPcEENS0_5list1INS0_5valueIS8_EEEEEclEv
FNA:3,0,_ZN5boost3_bi6bind_tIvPFvRSoENS0_5list1INS_17reference_wrapperISoEEEEEclEv
FNL:4,1283,1287
FNA:4,0,_ZN5boost3_bi6bind_tIbNS_4_mfi4cmf1IbNS_9unit_test9framework4impl11name_filter9componentERKNS4_9test_unitEEENS0_5list2INS_3argILi1EEENS_17reference_wrapperISA_EEEEEclIRKS8_EEbOT_
FNL:5,132,135
FNA:5,0,_ZN5boost3_bi9unwrapperINS_4_mfi3mf0IvNS_9unit_test17test_unit_fixtureEEEE6unwrapERS6_l
FNA:5,0,_ZN5boost3_bi9unwrapperINS_4_mfi3mf1IvNS_9unit_test15unit_test_log_tERSoEEE6unwrapERS7_l
FNA:5,9,_ZN5boost3_bi9unwrapperINS_4_mfi3mf2IvNS_9unit_test13test_observerEmmEEE6unwrapERS6_l
FNA:5,0,_ZN5boost3_bi9unwrapperINS_4_mfi3mf2IvNS_9unit_test15unit_test_log_tENS4_13output_formatERSoEEE6unwrapERS8_l
FNA:5,0,_ZN5boost3_bi9unwrapperINS_4_mfi4cmf1IbNS_9unit_test9framework4impl11name_filter9componentERKNS4_9test_unitEEEE6unwrapERSC_l
FNA:5,3,_ZN5boost3_bi9unwrapperIPFvPFPNS_9unit_test10test_suiteEiPPcEEE6unwrapERSA_l
FNA:5,0,_ZN5boost3_bi9unwrapperIPFvRSoEE6unwrapERS4_l
FNL:6,154,154
FNA:6,12,_ZN5boost3_bi5list0C2Ev
FNL:7,156,156
FNA:7,0,_ZNK5boost3_bi5list0ixINS_10shared_ptrINS_9unit_test17test_unit_fixtureEEEEERT_RNS0_5valueIS7_EE
FNA:7,0,_ZNK5boost3_bi5list0ixINS_9unit_test13output_formatEEERT_RNS0_5valueIS5_EE
FNA:7,9,_ZNK5boost3_bi5list0ixINS_9unit_test17test_case_counter19readonly_property43EEERT_RNS0_5valueIS6_EE
FNA:7,3,_ZNK5boost3_bi5list0ixIPFPNS_9unit_test10test_suiteEiPPcEEERT_RNS0_5valueISA_EE
FNA:7,9,_ZNK5boost3_bi5list0ixIPNS_9unit_test13test_observerEEERT_RNS0_5valueIS6_EE
FNA:7,0,_ZNK5boost3_bi5list0ixIPNS_9unit_test15unit_test_log_tEEERT_RNS0_5valueIS6_EE
FNA:7,9,_ZNK5boost3_bi5list0ixImEERT_RNS0_5valueIS3_EE
FNL:8,160,160
FNA:8,0,_ZNK5boost3_bi5list0ixISoEERT_RKNS_17reference_wrapperIS3_EE
FNL:9,211,211
FNA:9,0,_ZN5boost3_bi5list1INS0_5valueINS_10shared_ptrINS_9unit_test17test_unit_fixtureEEEEEEC2ES7_
FNA:9,3,_ZN5boost3_bi5list1INS0_5valueIPFPNS_9unit_test10test_suiteEiPPcEEEEC2ESA_
FNA:9,0,_ZN5boost3_bi5list1INS_17reference_wrapperISoEEEC2ES3_
FNL:10,237,240
FNA:10,0,_ZN5boost3_bi5list1INS0_5valueINS_10shared_ptrINS_9unit_test17test_unit_fixtureEEEEEEclINS_4_mfi3mf0IvS5_EENS0_5list0EEEvNS0_4typeIvEERT_RT0_i
FNA:10,3,_ZN5boost3_bi5list1INS0_5valueIPFPNS_9unit_test10test_suiteEiPPcEEEEclIPFvS9_ENS0_5list0EEEvNS0_4typeIvEERT_RT0_i
FNA:10,0,_ZN5boost3_bi5list1INS_17reference_wrapperISoEEEclIPFvRSoENS0_5list0EEEvNS0_4typeIvEERT_RT0_i
FNL:11,269,269
FNA:11,0,_ZN5boost3_bi5list2INS0_5valueIPNS_9unit_test15unit_test_log_tEEENS_17reference_wrapperISoEEEC2ES6_S8_
FNA:11,0,_ZN5boost3_bi5list2INS_3argILi1EEENS_17reference_wrapperIKNS_9unit_test9test_unitEEEEC2ES3_S8_
FNL:12,287,290
FNA:12,0,_ZN5boost3_bi5list2INS_3argILi1EEENS_17reference_wrapperIKNS_9unit_test9test_unitEEEEclIbNS_4_mfi4cmf1IbNS5_9framework4impl11name_filter9componentERS7_EENS0_7rrlist1IRKSG_EEEET_NS0_4typeISN_EERT0_RT1_l
FNL:13,297,300
FNA:13,0,_ZN5boost3_bi5list2INS0_5valueIPNS_9unit_test15unit_test_log_tEEENS_17reference_wrapperISoEEEclINS_4_mfi3mf1IvS4_RSoEENS0_5list0EEEvNS0_4typeIvEERT_RT0_i
FNL:14,346,346
FNA:14,9,_ZN5boost3_bi5list3INS0_5valueIPNS_9unit_test13test_observerEEENS2_INS3_17test_case_counter19readonly_property43EEENS2_ImEEEC2ES6_S9_SA_
FNA:14,0,_ZN5boost3_bi5list3INS0_5valueIPNS_9unit_test15unit_test_log_tEEENS2_INS3_13output_formatEEENS_17reference_wrapperISoEEEC2ES6_S8_SA_
FNL:15,376,379
FNA:15,9,_ZN5boost3_bi5list3INS0_5valueIPNS_9unit_test13test_observerEEENS2_INS3_17test_case_counter19readonly_property43EEENS2_ImEEEclINS_4_mfi3mf2IvS4_mmEENS0_5list0EEEvNS0_4typeIvEERT_RT0_i
FNA:15,0,_ZN5boost3_bi5list3INS0_5valueIPNS_9unit_test15unit_test_log_tEEENS2_INS3_13output_formatEEENS_17reference_wrapperISoEEEclINS_4_mfi3mf2IvS4_S7_RSoEENS0_5list0EEEvNS0_4typeIvEERT_RT0_i
FNL:16,858,858
FNA:16,0,_ZN5boost3_bi7rrlist1IRKNS_9unit_test9framework4impl11name_filter9componentEEC2ES8_
FNL:17,862,862
FNA:17,0,_ZNK5boost3_bi7rrlist1IRKNS_9unit_test9framework4impl11name_filter9componentEEixEPFNS_3argILi1EEEvE
FNL:18,868,868
FNA:18,0,_ZNK5boost3_bi7rrlist1IRKNS_9unit_test9framework4impl11name_filter9componentEEixIKNS2_9test_unitEEERT_RKNS_17reference_wrapperISD_EE
FNF:19
FNH:11
DA:102,30
DA:104,30
DA:132,12
DA:134,12
DA:154,12
DA:156,30
DA:160,0
DA:211,3
DA:237,3
DA:239,3
DA:240,3
DA:269,0
DA:287,0
DA:289,0
DA:297,0
DA:299,0
DA:300,0
DA:346,9
DA:376,9
DA:378,9
DA:379,9
DA:858,0
DA:862,0
DA:868,0
DA:1267,12
DA:1271,12
DA:1273,12
DA:1274,24
DA:1283,0
DA:1285,0
DA:1286,0
LF:31
LH:18
end_of_record
TN:
SF:/usr/include/boost/bind/bind_cc.hpp
FNL:0,26,31
FNA:0,3,_ZN5boost4bindIvPFPNS_9unit_test10test_suiteEiPPcES7_EENS_3_bi6bind_tIT_PFSA_T0_ENS8_9list_av_1IT1_E4typeEEESD_SF_
FNA:0,0,_ZN5boost4bindIvRSoNS_17reference_wrapperISoEEEENS_3_bi6bind_tIT_PFS6_T0_ENS4_9list_av_1IT1_E4typeEEES9_SB_
FNF:1
FNH:1
DA:26,3
DA:30,3
LF:2
LH:2
end_of_record
TN:
SF:/usr/include/boost/bind/bind_mf_cc.hpp
FNL:0,113,118
FNA:0,9,_ZN5boost4bindIvNS_9unit_test13test_observerEmmPS2_NS1_17test_case_counter19readonly_property43EmEENS_3_bi6bind_tIT_NS_4_mfi3mf2IS8_T0_T1_T2_EENS6_9list_av_3IT3_T4_T5_E4typeEEEMSB_FS8_SC_SD_ESG_SH_SI_
FNA:0,0,_ZN5boost4bindIvNS_9unit_test15unit_test_log_tENS1_13output_formatERSoPS2_S3_NS_17reference_wrapperISoEEEENS_3_bi6bind_tIT_NS_4_mfi3mf2ISA_T0_T1_T2_EENS8_9list_av_3IT3_T4_T5_E4typeEEEMSD_FSA_SE_SF_ESI_SJ_SK_
FNL:1,20,25
FNA:1,0,_ZN5boost4bindIvNS_9unit_test17test_unit_fixtureENS_10shared_ptrIS2_EEEENS_3_bi6bind_tIT_NS_4_mfi3mf0IS7_T0_EENS5_9list_av_1IT1_E4typeEEEMSA_FS7_vESD_
FNL:2,65,70
FNA:2,0,_ZN5boost4bindIvNS_9unit_test15unit_test_log_tERSoPS2_NS_17reference_wrapperISoEEEENS_3_bi6bind_tIT_NS_4_mfi3mf1IS9_T0_T1_EENS7_9list_av_2IT2_T3_E4typeEEEMSC_FS9_SD_ESG_SH_
FNL:3,76,81
FNA:3,0,_ZN5boost4bindIbNS_9unit_test9framework4impl11name_filter9componentERKNS1_9test_unitENS_3argILi1EEENS_17reference_wrapperIS7_EEEENS_3_bi6bind_tIT_NS_4_mfi4cmf1ISF_T0_T1_EENSD_9list_av_2IT2_T3_E4typeEEEMSI_KFSF_SJ_ESM_SN_
FNF:4
FNH:1
DA:20,0
DA:24,0
DA:65,0
DA:69,0
DA:76,0
DA:80,0
DA:113,9
DA:117,9
LF:8
LH:2
end_of_record
TN:
SF:/usr/include/boost/bind/mem_fn_template.hpp
FNL:0,161,161
FNA:0,0,_ZN5boost4_mfi3mf1IvNS_9unit_test15unit_test_log_tERSoEC2EMS3_FvS4_E
FNL:1,163,166
FNA:1,0,_ZNK5boost4_mfi3mf1IvNS_9unit_test15unit_test_log_tERSoEclEPS3_S4_
FNL:2,227,227
FNA:2,0,_ZN5boost4_mfi4cmf1IbNS_9unit_test9framework4impl11name_filter9componentERKNS2_9test_unitEEC2EMS6_KFbS9_E
FNL:3,235,238
FNA:3,0,_ZNK5boost4_mfi4cmf1IbNS_9unit_test9framework4impl11name_filter9componentERKNS2_9test_unitEEclERKS6_S9_
FNL:4,276,276
FNA:4,9,_ZN5boost4_mfi3mf2IvNS_9unit_test13test_observerEmmEC2EMS3_FvmmE
FNA:4,0,_ZN5boost4_mfi3mf2IvNS_9unit_test15unit_test_log_tENS2_13output_formatERSoEC2EMS3_FvS4_S5_E
FNL:5,278,281
FNA:5,9,_ZNK5boost4_mfi3mf2IvNS_9unit_test13test_observerEmmEclEPS3_mm
FNA:5,0,_ZNK5boost4_mfi3mf2IvNS_9unit_test15unit_test_log_tENS2_13output_formatERSoEclEPS3_S4_S5_
FNL:6,38,41
FNA:6,0,_ZNK5boost4_mfi3mf0IvNS_9unit_test17test_unit_fixtureEE4callINS_10shared_ptrIS3_EEEEvRT_PKv
FNL:7,45,45
FNA:7,0,_ZN5boost4_mfi3mf0IvNS_9unit_test17test_unit_fixtureEEC2EMS3_FvvE
FNL:8,52,56
FNA:8,0,_ZNK5boost4_mfi3mf0IvNS_9unit_test17test_unit_fixtureEEclINS_10shared_ptrIS3_EEEEvRT_
FNF:9
FNH:2
DA:38,0
DA:40,0
DA:45,0
DA:52,0
DA:54,0
DA:55,0
DA:161,0
DA:163,0
DA:165,0
DA:227,0
DA:235,0
DA:237,0
DA:276,9
DA:278,9
DA:280,9
LF:15
LH:3
end_of_record
TN:
SF:/usr/include/boost/bind/storage.hpp
FNL:0,130,130
FNA:0,9,_ZN5boost3_bi8storage3INS0_5valueIPNS_9unit_test13test_observerEEENS2_INS3_17test_case_counter19readonly_property43EEENS2_ImEEEC2ES6_S9_SA_
FNA:0,0,_ZN5boost3_bi8storage3INS0_5valueIPNS_9unit_test15unit_test_log_tEEENS2_INS3_13output_formatEEENS_17reference_wrapperISoEEEC2ES6_S8_SA_
FNL:1,43,43
FNA:1,0,_ZN5boost3_bi8storage1INS0_5valueINS_10shared_ptrINS_9unit_test17test_unit_fixtureEEEEEEC2ES7_
FNA:1,3,_ZN5boost3_bi8storage1INS0_5valueIPFPNS_9unit_test10test_suiteEiPPcEEEEC2ESA_
FNA:1,9,_ZN5boost3_bi8storage1INS0_5valueIPNS_9unit_test13test_observerEEEEC2ES6_
FNA:1,0,_ZN5boost3_bi8storage1INS0_5valueIPNS_9unit_test15unit_test_log_tEEEEC2ES6_
FNA:1,0,_ZN5boost3_bi8storage1INS_17reference_wrapperISoEEEC2ES3_
FNL:2,57,57
FNA:2,0,_ZN5boost3_bi8storage1INS_3argILi1EEEEC2ES3_
FNL:3,61,61
FNA:3,0,_ZN5boost3_bi8storage1INS_3argILi1EEEE3a1_Ev
FNL:4,81,81
FNA:4,9,_ZN5boost3_bi8storage2INS0_5valueIPNS_9unit_test13test_observerEEENS2_INS3_17test_case_counter19readonly_property43EEEEC2ES6_S9_
FNA:4,0,_ZN5boost3_bi8storage2INS0_5valueIPNS_9unit_test15unit_test_log_tEEENS2_INS3_13output_formatEEEEC2ES6_S8_
FNA:4,0,_ZN5boost3_bi8storage2INS0_5valueIPNS_9unit_test15unit_test_log_tEEENS_17reference_wrapperISoEEEC2ES6_S8_
FNA:4,0,_ZN5boost3_bi8storage2INS_3argILi1EEENS_17reference_wrapperIKNS_9unit_test9test_unitEEEEC2ES3_S8_
FNF:5
FNH:3
DA:43,12
DA:57,0
DA:61,0
DA:81,9
DA:130,9
LF:5
LH:3
end_of_record
TN:
SF:/usr/include/boost/core/addressof.hpp
FNL:0,38,41
FNA:0,2025,_ZN5boost9addressofIKNS_7runtime16parameter_cla_idEEEPT_RS4_
FNA:0,0,_ZN5boost9addressofIKNS_9unit_test9test_unitEEEPT_RS4_
FNA:0,0,_ZN5boost9addressofIKNSt7__cxx1112basic_stringIcSt11char_traitsIcESaIcEEEEEPT_RS8_
FNA:0,0,_ZN5boost9addressofIKSt6vectorINSt7__cxx1112basic_stringIcSt11char_traitsIcESaIcEEESaIS7_EEEEPT_RSB_
FNA:0,0,_ZN5boost9addressofINS_3_bi6bind_tIvNS_4_mfi3mf0IvNS_9unit_test17test_unit_fixtureEEENS1_5list1INS1_5valueINS_10shared_ptrIS6_EEEEEEEEEEPT_RSF_
FNA:0,0,_ZN5boost9addressofINS_3_bi6bind_tIvNS_4_mfi3mf1IvNS_9unit_test15unit_test_log_tERSoEENS1_5list2INS1_5valueIPS6_EENS_17reference_wrapperISoEEEEEEEEPT_RSH_
FNA:0,9,_ZN5boost9addressofINS_3_bi6bind_tIvNS_4_mfi3mf2IvNS_9unit_test13test_observerEmmEENS1_5list3INS1_5valueIPS6_EENS9_INS5_17test_case_counter19readonly_property43EEENS9_ImEEEEEEEEPT_RSI_
FNA:0,0,_ZN5boost9addressofINS_3_bi6bind_tIvNS_4_mfi3mf2IvNS_9unit_test15unit_test_log_tENS5_13output_formatERSoEENS1_5list3INS1_5valueIPS6_EENSB_IS7_EENS_17reference_wrapperISoEEEEEEEEPT_RSJ_
FNA:0,3,_ZN5boost9addressofINS_3_bi6bind_tIvPFvPFPNS_9unit_test10test_suiteEiPPcEENS1_5list1INS1_5valueIS9_EEEEEEEEPT_RSH_
FNA:0,0,_ZN5boost9addressofINS_3_bi6bind_tIvPFvRSoENS1_5list1INS_17reference_wrapperISoEEEEEEEEPT_RSB_
FNA:0,0,_ZN5boost9addressofINS_6detail13sp_ms_deleterINS_9unit_test14runtime_config13stream_holder16callback_cleanerEEEEEPT_RS8_
FNA:0,91,_ZN5boost9addressofINS_6detail7forwardEEEPT_RS3_
FNA:0,0,_ZN5boost9addressofINS_9unit_test13basic_cstringIKcEEEEPT_RS5_
FNA:0,0,_ZN5boost9addressofISoEEPT_RS1_
FNA:0,3,_ZN5boost9addressofIZNS_9unit_test14runtime_config12_GLOBAL__N_119register_parametersERNS_7runtime16parameters_storeEEUlNS1_13basic_cstringIKcEEE_EEPT_RSB_
FNF:1
FNH:1
DA:38,2131
DA:40,2131
LF:2
LH:2
end_of_record
TN:
SF:/usr/include/boost/core/checked_delete.hpp
FNL:0,31,45
FNA:0,0,_ZN5boost14checked_deleteINS_16exception_detail15error_info_baseEEEvPT_
FNA:0,0,_ZN5boost14checked_deleteINS_23basic_wrap_stringstreamIcEEEEvPT_
FNA:0,24,_ZN5boost14checked_deleteINS_2io18ios_base_all_saverEEEvPT_
FNA:0,3,_ZN5boost14checked_deleteINS_7runtime14enum_parameterINS_9unit_test12report_levelELNS1_11args_amountE0EEEEEvPT_
FNA:0,12,_ZN5boost14checked_deleteINS_7runtime14enum_parameterINS_9unit_test13output_formatELNS1_11args_amountE0EEEEEvPT_
FNA:0,3,_ZN5boost14checked_deleteINS_7runtime14enum_parameterINS_9unit_test9log_levelELNS1_11args_amountE0EEEEEvPT_
FNA:0,3,_ZN5boost14checked_deleteINS_7runtime14typed_argumentINS_9unit_test12report_levelEEEEEvPT_
FNA:0,9,_ZN5boost14checked_deleteINS_7runtime14typed_argumentINS_9unit_test13output_formatEEEEEvPT_
FNA:0,3,_ZN5boost14checked_deleteINS_7runtime14typed_argumentINS_9unit_test9log_levelEEEEEvPT_
FNA:0,3,_ZN5boost14checked_deleteINS_7runtime14typed_argumentINSt7__cxx1112basic_stringIcSt11char_traitsIcESaIcEEEEEEEvPT_
FNA:0,6,_ZN5boost14checked_deleteINS_7runtime14typed_argumentISt6vectorINSt7__cxx1112basic_stringIcSt11char_traitsIcESaIcEEESaIS9_EEEEEEvPT_
FNA:0,39,_ZN5boost14checked_deleteINS_7runtime14typed_argumentIbEEEEvPT_
FNA:0,3,_ZN5boost14checked_deleteINS_7runtime14typed_argumentIjEEEEvPT_
FNA:0,3,_ZN5boost14checked_deleteINS_7runtime14typed_argumentImEEEEvPT_
FNA:0,1716,_ZN5boost14checked_deleteINS_7runtime3cla13rt_cla_detail14parameter_trieEEEvPT_
FNA:0,3,_ZN5boost14checked_deleteINS_7runtime3cla6parserEEEvPT_
FNA:0,39,_ZN5boost14checked_deleteINS_7runtime6optionEEEvPT_
FNA:0,0,_ZN5boost14checked_deleteINS_7runtime9parameterINS_9unit_test12report_levelELNS1_11args_amountE0ELb1EEEEEvPT_
FNA:0,0,_ZN5boost14checked_deleteINS_7runtime9parameterINS_9unit_test13output_formatELNS1_11args_amountE0ELb1EEEEEvPT_
FNA:0,0,_ZN5boost14checked_deleteINS_7runtime9parameterINS_9unit_test9log_levelELNS1_11args_amountE0ELb1EEEEEvPT_
FNA:0,15,_ZN5boost14checked_deleteINS_7runtime9parameterINSt7__cxx1112basic_stringIcSt11char_traitsIcESaIcEEELNS1_11args_amountE0ELb0EEEEEvPT_
FNA:0,6,_ZN5boost14checked_deleteINS_7runtime9parameterINSt7__cxx1112basic_stringIcSt11char_traitsIcESaIcEEELNS1_11args_amountE2ELb0EEEEEvPT_
FNA:0,3,_ZN5boost14checked_deleteINS_7runtime9parameterIjLNS1_11args_amountE0ELb0EEEEEvPT_
FNA:0,3,_ZN5boost14checked_deleteINS_7runtime9parameterImLNS1_11args_amountE0ELb0EEEEEvPT_
FNA:0,0,_ZN5boost14checked_deleteINS_9unit_test16progress_displayEEEvPT_
FNA:0,6,_ZN5boost14checked_deleteINS_9unit_test16results_reporter6formatEEEvPT_
FNA:0,9,_ZN5boost14checked_deleteINS_9unit_test23unit_test_log_formatterEEEvPT_
FNA:0,0,_ZN5boost14checked_deleteINS_9unit_test9decorator10depends_onEEEvPT_
FNA:0,0,_ZN5boost14checked_deleteINS_9unit_test9decorator11descriptionEEEvPT_
FNA:0,0,_ZN5boost14checked_deleteINS_9unit_test9decorator12preconditionEEEvPT_
FNA:0,0,_ZN5boost14checked_deleteINS_9unit_test9decorator15stack_decoratorEEEvPT_
FNA:0,0,_ZN5boost14checked_deleteINS_9unit_test9decorator17expected_failuresEEEvPT_
FNA:0,0,_ZN5boost14checked_deleteINS_9unit_test9decorator5labelEEEvPT_
FNA:0,0,_ZN5boost14checked_deleteINS_9unit_test9decorator7timeoutEEEvPT_
FNA:0,0,_ZN5boost14checked_deleteINS_9unit_test9decorator9fixture_tEEEvPT_
FNA:0,0,_ZN5boost14checked_deleteINS_9unit_test9framework4impl21global_fixture_handleEEEvPT_
FNL:1,47,61
FNA:1,12,_ZN5boost20checked_array_deleteIcEEvPT_
FNF:2
FNH:2
DA:31,1911
DA:44,1911
DA:45,1911
DA:47,12
DA:60,12
DA:61,12
LF:6
LH:6
end_of_record
TN:
SF:/usr/include/boost/core/demangle.hpp
FNL:0,59,62
FNA:0,0,_ZN5boost4core21scoped_demangled_nameC2EPKc
FNL:1,64,67
FNA:1,0,_ZN5boost4core21scoped_demangled_nameD2Ev
FNL:2,69,72
FNA:2,0,_ZNK5boost4core21scoped_demangled_name3getEv
FNL:3,81,86
FNA:3,0,_ZN5boost4core14demangle_allocEPKc
FNL:4,88,91
FNA:4,0,_ZN5boost4core13demangle_freeEPKc
FNL:5,93,100
FNA:5,0,_ZN5boost4core8demangleB5cxx11EPKc
FNF:6
FNH:0
DA:59,0
DA:60,0
DA:62,0
DA:64,0
DA:66,0
DA:67,0
DA:69,0
DA:71,0
DA:81,0
DA:83,0
DA:84,0
DA:85,0
DA:88,0
DA:90,0
DA:91,0
DA:93,0
DA:95,0
DA:96,0
DA:97,0
DA:98,0
DA:99,0
DA:100,0
LF:22
LH:0
end_of_record
TN:
SF:/usr/include/boost/core/ignore_unused.hpp
FNF:0
FNH:0
DA:20,453
LF:1
LH:1
end_of_record
TN:
SF:/usr/include/boost/core/ref.hpp
FNF:0
FNH:0
DA:95,2025
DA:137,0
DA:143,3
DA:183,2025
LF:4
LH:3
end_of_record
TN:
SF:/usr/include/boost/exception/current_exception_cast.hpp
FNL:0,27,43
FNA:0,0,_ZN5boost22current_exception_castIKNS_9exceptionEEEPT_v
FNF:1
FNH:0
DA:27,0
DA:31,0
DA:33,0
DA:34,0
DA:36,0
DA:38,0
DA:41,0
LF:7
LH:0
end_of_record
TN:
SF:/usr/include/boost/exception/detail/type_info.hpp
FNL:0,64,67
FNA:0,0,_ZN5boost16exception_detail10type_info_C2ERKSt9type_info
FNL:1,71,74
FNA:1,0,_ZN5boost16exception_detailltERKNS0_10type_info_ES3_
FNF:2
FNH:0
DA:64,0
DA:65,0
DA:67,0
DA:71,0
DA:73,0
LF:5
LH:0
end_of_record
TN:
SF:/usr/include/boost/exception/diagnostic_information.hpp
FNL:0,122,175
FNA:0,0,_ZN5boost16exception_detail27diagnostic_information_implB5cxx11EPKNS_9exceptionEPKSt9exceptionbb
FNL:1,180,183
FNA:1,0,_ZN5boost22diagnostic_informationINS_9exceptionEEENSt7__cxx1112basic_stringIcSt11char_traitsIcESaIcEEERKT_b
FNL:2,71,74
FNA:2,0,_ZN5boost16exception_detail19get_boost_exceptionEPKNS_9exceptionE
FNL:3,92,95
FNA:3,0,_ZN5boost16exception_detail17get_std_exceptionEz
FNL:4,99,118
FNA:4,0,_ZN5boost16exception_detail26get_diagnostic_informationERKNS_9exceptionEPKc
FNF:5
FNH:0
DA:71,0
DA:73,0
DA:92,0
DA:94,0
DA:99,0
DA:105,0
DA:106,0
DA:107,0
DA:108,0
DA:109,0
DA:110,0
DA:113,0
DA:115,0
DA:116,0
DA:122,0
DA:124,0
DA:125,0
DA:127,0
DA:128,0
DA:129,0
DA:130,0
DA:132,0
DA:133,0
DA:135,0
DA:136,0
DA:137,0
DA:139,0
DA:140,0
DA:142,0
DA:143,0
DA:144,0
DA:145,0
DA:146,0
DA:149,0
DA:151,0
DA:152,0
DA:153,0
DA:155,0
DA:156,0
DA:157,0
DA:159,0
DA:160,0
DA:164,0
DA:165,0
DA:166,0
DA:168,0
DA:169,0
DA:170,0
DA:171,0
DA:172,0
DA:173,0
DA:174,0
DA:175,0
DA:180,0
DA:182,0
LF:55
LH:0
end_of_record
TN:
SF:/usr/include/boost/exception/exception.hpp
FNL:0,191,193
FNA:0,0,_ZN5boost16exception_detail20error_info_containerD2Ev
FNL:1,260,266
FNA:1,0,_ZN5boost9exceptionC2Ev
FNL:2,333,336
FNA:2,0,_ZN5boost9exceptionD0Ev
FNA:2,0,_ZN5boost9exceptionD2Ev
FNL:3,46,49
FNA:3,0,_ZN5boost16exception_detail12refcount_ptrINS0_20error_info_containerEEC2Ev
FNL:4,484,486
FNA:4,0,_ZN5boost16exception_detail10clone_baseD0Ev
FNA:4,0,_ZN5boost16exception_detail10clone_baseD2Ev
FNL:5,491,501
FNA:5,0,_ZN5boost16exception_detail20copy_boost_exceptionEPNS_9exceptionEPKS1_
FNL:6,51,54
FNA:6,0,_ZN5boost16exception_detail12refcount_ptrINS0_20error_info_containerEED2Ev
FNL:7,56,60
FNA:7,0,_ZN5boost16exception_detail12refcount_ptrINS0_20error_info_containerEEC2ERKS3_
FNL:8,63,67
FNA:8,0,_ZN5boost16exception_detail12refcount_ptrINS0_20error_info_containerEEaSERKS3_
FNL:9,70,75
FNA:9,0,_ZN5boost16exception_detail12refcount_ptrINS0_20error_info_containerEE5adoptEPS2_
FNL:10,78,81
FNA:10,0,_ZNK5boost16exception_detail12refcount_ptrINS0_20error_info_containerEE3getEv
FNL:11,88,92
FNA:11,0,_ZN5boost16exception_detail12refcount_ptrINS0_20error_info_containerEE7add_refEv
FNL:12,95,99
FNA:12,0,_ZN5boost16exception_detail12refcount_ptrINS0_20error_info_containerEE7releaseEv
FNF:13
FNH:0
DA:46,0
DA:47,0
DA:49,0
DA:51,0
DA:53,0
DA:54,0
DA:56,0
DA:57,0
DA:59,0
DA:60,0
DA:63,0
DA:65,0
DA:66,0
DA:70,0
DA:72,0
DA:73,0
DA:74,0
DA:75,0
DA:78,0
DA:80,0
DA:88,0
DA:90,0
DA:91,0
DA:92,0
DA:95,0
DA:97,0
DA:98,0
DA:99,0
DA:191,0
DA:192,0
DA:193,0
DA:260,0
DA:261,0
DA:262,0
DA:263,0
DA:264,0
DA:266,0
DA:333,0
DA:334,0
DA:336,0
DA:484,0
DA:485,0
DA:486,0
DA:491,0
DA:493,0
DA:494,0
DA:495,0
DA:496,0
DA:497,0
DA:498,0
DA:499,0
DA:500,0
DA:501,0
LF:53
LH:0
end_of_record
TN:
SF:/usr/include/boost/exception/get_error_info.hpp
FNL:0,125,131
FNA:0,0,_ZN5boost14get_error_infoINS_10error_infoINS_11throw_file_EPKcEEKNS_9exceptionEEENS_16exception_detail26get_error_info_return_typeIT0_NT_10value_typeEE4typeERSA_
FNA:0,0,_ZN5boost14get_error_infoINS_10error_infoINS_11throw_line_EiEEKNS_9exceptionEEENS_16exception_detail26get_error_info_return_typeIT0_NT_10value_typeEE4typeERS8_
FNA:0,0,_ZN5boost14get_error_infoINS_10error_infoINS_15throw_function_EPKcEEKNS_9exceptionEEENS_16exception_detail26get_error_info_return_typeIT0_NT_10value_typeEE4typeERSA_
FNL:1,61,64
FNA:1,0,_ZN5boost16exception_detail8get_infoINS_10error_infoINS_15throw_function_EPKcEEE3getERKNS_9exceptionE
FNL:2,73,76
FNA:2,0,_ZN5boost16exception_detail8get_infoINS_10error_infoINS_11throw_file_EPKcEEE3getERKNS_9exceptionE
FNL:3,85,88
FNA:3,0,_ZN5boost16exception_detail8get_infoINS_10error_infoINS_11throw_line_EiEEE3getERKNS_9exceptionE
FNF:4
FNH:0
DA:61,0
DA:63,0
DA:73,0
DA:75,0
DA:85,0
DA:87,0
DA:125,0
DA:127,0
DA:128,0
DA:130,0
LF:10
LH:0
end_of_record
TN:
SF:/usr/include/boost/exception/info.hpp
FNL:0,124,127
FNA:0,0,_ZNK5boost16exception_detail25error_info_container_impl7add_refEv
FNL:1,130,139
FNA:1,0,_ZNK5boost16exception_detail25error_info_container_impl7releaseEv
FNL:2,142,153
FNA:2,0,_ZNK5boost16exception_detail25error_info_container_impl5cloneEv
FNL:3,65,68
FNA:3,0,_ZN5boost16exception_detail25error_info_container_implC2Ev
FNL:4,70,72
FNA:4,0,_ZN5boost16exception_detail25error_info_container_implD2Ev
FNL:5,75,80
FNA:5,0,_ZN5boost16exception_detail25error_info_container_impl3setERKNS_10shared_ptrINS0_15error_info_baseEEERKNS0_10type_info_E
FNL:6,83,92
FNA:6,0,_ZNK5boost16exception_detail25error_info_container_impl3getERKNS0_10type_info_E
FNL:7,95,109
FNA:7,0,_ZNK5boost16exception_detail25error_info_container_impl22diagnostic_informationEPKc
FNF:8
FNH:0
DA:65,0
DA:66,0
DA:68,0
DA:70,0
DA:71,0
DA:72,0
DA:75,0
DA:77,0
DA:78,0
DA:79,0
DA:80,0
DA:83,0
DA:85,0
DA:86,0
DA:88,0
DA:89,0
DA:91,0
DA:95,0
DA:97,0
DA:99,0
DA:100,0
DA:101,0
DA:103,0
DA:104,0
DA:106,0
DA:107,0
DA:108,0
DA:124,0
DA:126,0
DA:127,0
DA:130,0
DA:132,0
DA:133,0
DA:136,0
DA:137,0
DA:142,0
DA:144,0
DA:145,0
DA:146,0
DA:147,0
DA:149,0
DA:150,0
DA:151,0
DA:152,0
DA:153,0
LF:45
LH:0
end_of_record
TN:
SF:/usr/include/boost/function/function_base.hpp
FNL:0,264,284
FNA:0,27,_ZN5boost6detail8function22functor_manager_commonIPFvRKNS_5debug16dbg_startup_infoEEE10manage_ptrERKNS1_15function_bufferERSA_NS1_30functor_manager_operation_typeE
FNA:0,135,_ZN5boost6detail8function22functor_manager_commonIPFvvEE10manage_ptrERKNS1_15function_bufferERS6_NS1_30functor_manager_operation_typeE
FNL:1,288,316
FNA:1,0,_ZN5boost6detail8function22functor_manager_commonINS0_7forwardEE12manage_smallERKNS1_15function_bufferERS5_NS1_30functor_manager_operation_typeE
FNA:1,0,_ZN5boost6detail8function22functor_manager_commonINS_3_bi6bind_tIvPFvPFPNS_9unit_test10test_suiteEiPPcEENS3_5list1INS3_5valueISB_EEEEEEE12manage_smallERKNS1_15function_bufferERSK_NS1_30functor_manager_operation_typeE
FNA:1,0,_ZN5boost6detail8function22functor_manager_commonINS_3_bi6bind_tIvPFvRSoENS3_5list1INS_17reference_wrapperISoEEEEEEE12manage_smallERKNS1_15function_bufferERSE_NS1_30functor_manager_operation_typeE
FNA:1,0,_ZN5boost6detail8function22functor_manager_commonIZNS_9unit_test14runtime_config12_GLOBAL__N_119register_parametersERNS_7runtime16parameters_storeEEUlNS3_13basic_cstringIKcEEE_E12manage_smallERKNS1_15function_bufferERSE_NS1_30functor_manager_operation_typeE
FNL:2,327,331
FNA:2,27,_ZN5boost6detail8function15functor_managerIPFvRKNS_5debug16dbg_startup_infoEEE7managerERKNS1_15function_bufferERSA_NS1_30functor_manager_operation_typeENS1_16function_ptr_tagE
FNA:2,135,_ZN5boost6detail8function15functor_managerIPFvvEE7managerERKNS1_15function_bufferERS6_NS1_30functor_manager_operation_typeENS1_16function_ptr_tagE
FNL:3,335,339
FNA:3,0,_ZN5boost6detail8function15functor_managerINS0_7forwardEE7managerERKNS1_15function_bufferERS5_NS1_30functor_manager_operation_typeENS_17integral_constantIbLb1EEE
FNA:3,0,_ZN5boost6detail8function15functor_managerINS_3_bi6bind_tIvPFvPFPNS_9unit_test10test_suiteEiPPcEENS3_5list1INS3_5valueISB_EEEEEEE7managerERKNS1_15function_bufferERSK_NS1_30functor_manager_operation_typeENS_17integral_constantIbLb1EEE
FNA:3,0,_ZN5boost6detail8function15functor_managerINS_3_bi6bind_tIvPFvRSoENS3_5list1INS_17reference_wrapperISoEEEEEEE7managerERKNS1_15function_bufferERSE_NS1_30functor_manager_operation_typeENS_17integral_constantIbLb1EEE
FNA:3,0,_ZN5boost6detail8function15functor_managerIZNS_9unit_test14runtime_config12_GLOBAL__N_119register_parametersERNS_7runtime16parameters_storeEEUlNS3_13basic_cstringIKcEEE_E7managerERKNS1_15function_bufferERSE_NS1_30functor_manager_operation_typeENS_17integral_constantIbLb1EEE
FNL:4,343,375
FNA:4,0,_ZN5boost6detail8function15functor_managerINS_3_bi6bind_tIvNS_4_mfi3mf0IvNS_9unit_test17test_unit_fixtureEEENS3_5list1INS3_5valueINS_10shared_ptrIS8_EEEEEEEEE7managerERKNS1_15function_bufferERSI_NS1_30functor_manager_operation_typeENS_17integral_constantIbLb0EEE
FNA:4,0,_ZN5boost6detail8function15functor_managerINS_3_bi6bind_tIvNS_4_mfi3mf1IvNS_9unit_test15unit_test_log_tERSoEENS3_5list2INS3_5valueIPS8_EENS_17reference_wrapperISoEEEEEEE7managerERKNS1_15function_bufferERSK_NS1_30functor_manager_operation_typeENS_17integral_constantIbLb0EEE
FNA:4,9,_ZN5boost6detail8function15functor_managerINS_3_bi6bind_tIvNS_4_mfi3mf2IvNS_9unit_test13test_observerEmmEENS3_5list3INS3_5valueIPS8_EENSB_INS7_17test_case_counter19readonly_property43EEENSB_ImEEEEEEE7managerERKNS1_15function_bufferERSL_NS1_30functor_manager_operation_typeENS_17integral_constantIbLb0EEE
FNA:4,0,_ZN5boost6detail8function15functor_managerINS_3_bi6bind_tIvNS_4_mfi3mf2IvNS_9unit_test15unit_test_log_tENS7_13output_formatERSoEENS3_5list3INS3_5valueIPS8_EENSD_IS9_EENS_17reference_wrapperISoEEEEEEE7managerERKNS1_15function_bufferERSM_NS1_30functor_manager_operation_typeENS_17integral_constantIbLb0EEE
FNL:5,381,386
FNA:5,0,_ZN5boost6detail8function15functor_managerINS0_7forwardEE7managerERKNS1_15function_bufferERS5_NS1_30functor_manager_operation_typeENS1_16function_obj_tagE
FNA:5,0,_ZN5boost6detail8function15functor_managerINS_3_bi6bind_tIvNS_4_mfi3mf0IvNS_9unit_test17test_unit_fixtureEEENS3_5list1INS3_5valueINS_10shared_ptrIS8_EEEEEEEEE7managerERKNS1_15function_bufferERSI_NS1_30functor_manager_operation_typeENS1_16function_obj_tagE
FNA:5,0,_ZN5boost6detail8function15functor_managerINS_3_bi6bind_tIvNS_4_mfi3mf1IvNS_9unit_test15unit_test_log_tERSoEENS3_5list2INS3_5valueIPS8_EENS_17reference_wrapperISoEEEEEEE7managerERKNS1_15function_bufferERSK_NS1_30functor_manager_operation_typeENS1_16function_obj_tagE
FNA:5,9,_ZN5boost6detail8function15functor_managerINS_3_bi6bind_tIvNS_4_mfi3mf2IvNS_9unit_test13test_observerEmmEENS3_5list3INS3_5valueIPS8_EENSB_INS7_17test_case_counter19readonly_property43EEENSB_ImEEEEEEE7managerERKNS1_15function_bufferERSL_NS1_30functor_manager_operation_typeENS1_16function_obj_tagE
FNA:5,0,_ZN5boost6detail8function15functor_managerINS_3_bi6bind_tIvNS_4_mfi3mf2IvNS_9unit_test15unit_test_log_tENS7_13output_formatERSoEENS3_5list3INS3_5valueIPS8_EENSD_IS9_EENS_17reference_wrapperISoEEEEEEE7managerERKNS1_15function_bufferERSM_NS1_30functor_manager_operation_typeENS1_16function_obj_tagE
FNA:5,0,_ZN5boost6detail8function15functor_managerINS_3_bi6bind_tIvPFvPFPNS_9unit_test10test_suiteEiPPcEENS3_5list1INS3_5valueISB_EEEEEEE7managerERKNS1_15function_bufferERSK_NS1_30functor_manager_operation_typeENS1_16function_obj_tagE
FNA:5,0,_ZN5boost6detail8function15functor_managerINS_3_bi6bind_tIvPFvRSoENS3_5list1INS_17reference_wrapperISoEEEEEEE7managerERKNS1_15function_bufferERSE_NS1_30functor_manager_operation_typeENS1_16function_obj_tagE
FNA:5,0,_ZN5boost6detail8function15functor_managerIZNS_9unit_test14runtime_config12_GLOBAL__N_119register_parametersERNS_7runtime16parameters_storeEEUlNS3_13basic_cstringIKcEEE_E7managerERKNS1_15function_bufferERSE_NS1_30functor_manager_operation_typeENS1_16function_obj_tagE
FNL:6,400,411
FNA:6,0,_ZN5boost6detail8function15functor_managerINS0_7forwardEE6manageERKNS1_15function_bufferERS5_NS1_30functor_manager_operation_typeE
FNA:6,0,_ZN5boost6detail8function15functor_managerINS_3_bi6bind_tIvNS_4_mfi3mf0IvNS_9unit_test17test_unit_fixtureEEENS3_5list1INS3_5valueINS_10shared_ptrIS8_EEEEEEEEE6manageERKNS1_15function_bufferERSI_NS1_30functor_manager_operation_typeE
FNA:6,0,_ZN5boost6detail8function15functor_managerINS_3_bi6bind_tIvNS_4_mfi3mf1IvNS_9unit_test15unit_test_log_tERSoEENS3_5list2INS3_5valueIPS8_EENS_17reference_wrapperISoEEEEEEE6manageERKNS1_15function_bufferERSK_NS1_30functor_manager_operation_typeE
FNA:6,9,_ZN5boost6detail8function15functor_managerINS_3_bi6bind_tIvNS_4_mfi3mf2IvNS_9unit_test13test_observerEmmEENS3_5list3INS3_5valueIPS8_EENSB_INS7_17test_case_counter19readonly_property43EEENSB_ImEEEEEEE6manageERKNS1_15function_bufferERSL_NS1_30functor_manager_operation_typeE
FNA:6,0,_ZN5boost6detail8function15functor_managerINS_3_bi6bind_tIvNS_4_mfi3mf2IvNS_9unit_test15unit_test_log_tENS7_13output_formatERSoEENS3_5list3INS3_5valueIPS8_EENSD_IS9_EENS_17reference_wrapperISoEEEEEEE6manageERKNS1_15function_bufferERSM_NS1_30functor_manager_operation_typeE
FNA:6,0,_ZN5boost6detail8function15functor_managerINS_3_bi6bind_tIvPFvPFPNS_9unit_test10test_suiteEiPPcEENS3_5list1INS3_5valueISB_EEEEEEE6manageERKNS1_15function_bufferERSK_NS1_30functor_manager_operation_typeE
FNA:6,0,_ZN5boost6detail8function15functor_managerINS_3_bi6bind_tIvPFvRSoENS3_5list1INS_17reference_wrapperISoEEEEEEE6manageERKNS1_15function_bufferERSE_NS1_30functor_manager_operation_typeE
FNA:6,27,_ZN5boost6detail8function15functor_managerIPFvRKNS_5debug16dbg_startup_infoEEE6manageERKNS1_15function_bufferERSA_NS1_30functor_manager_operation_typeE
FNA:6,135,_ZN5boost6detail8function15functor_managerIPFvvEE6manageERKNS1_15function_bufferERS6_NS1_30functor_manager_operation_typeE
FNA:6,0,_ZN5boost6detail8function15functor_managerIZNS_9unit_test14runtime_config12_GLOBAL__N_119register_parametersERNS_7runtime16parameters_storeEEUlNS3_13basic_cstringIKcEEE_E6manageERKNS1_15function_bufferERSE_NS1_30functor_manager_operation_typeE
FNL:7,608,608
FNA:7,715,_ZN5boost13function_baseC2Ev
FNL:8,611,611
FNA:8,647,_ZNK5boost13function_base5emptyEv
FNL:9,694,696
FNA:9,607,_ZNK5boost13function_base28has_trivial_copy_and_destroyEv
FNL:10,713,713
FNA:10,0,_ZN5boost17bad_function_callC2Ev
FNL:11,868,871
FNA:11,106,_ZN5boost6detail8function16has_empty_targetEz
FNF:12
FNH:9
DA:264,162
DA:267,162
DA:268,0
DA:269,162
DA:270,0
DA:271,0
DA:272,162
DA:273,162
DA:274,0
DA:275,0
DA:276,0
DA:278,0
DA:280,0
DA:281,0
DA:282,0
DA:284,162
DA:288,0
DA:291,0
DA:292,0
DA:294,0
DA:296,0
DA:297,0
DA:299,0
DA:301,0
DA:303,0
DA:305,0
DA:306,0
DA:307,0
DA:308,0
DA:310,0
DA:312,0
DA:313,0
DA:314,0
DA:316,0
DA:327,162
DA:330,162
DA:331,162
DA:335,0
DA:338,0
DA:339,0
DA:343,9
DA:346,9
DA:352,0
DA:354,0
DA:355,0
DA:356,9
DA:357,0
DA:358,0
DA:359,9
DA:361,9
DA:363,9
DA:364,9
DA:365,0
DA:366,0
DA:367,0
DA:369,0
DA:371,0
DA:372,0
DA:373,0
DA:375,9
DA:381,9
DA:384,9
DA:386,9
DA:400,171
DA:404,171
DA:405,0
DA:406,0
DA:407,0
DA:409,171
DA:411,171
DA:608,715
DA:611,647
DA:694,607
DA:695,607
DA:713,0
DA:868,106
DA:870,106
LF:77
LH:30
end_of_record
TN:
SF:/usr/include/boost/function/function_template.hpp
FNL:0,1003,1048
FNA:0,93,_ZN5boost9function1IvNS_9unit_test13basic_cstringIKcEEE11move_assignERS5_
FNA:0,81,_ZN5boost9function1IvRKNS_5debug16dbg_startup_infoEE11move_assignERS5_
FNL:1,1100,1100
FNA:1,84,_ZN5boost8functionIFvNS_9unit_test13basic_cstringIKcEEEEC2Ev
FNA:1,27,_ZN5boost8functionIFvRKNS_5debug16dbg_startup_infoEEEC2Ev
FNA:1,3,_ZN5boost8functionIFvvEEC2Ev
FNL:2,1103,1112
FNA:2,91,_ZN5boost8functionIFivEEC2INS_6detail7forwardEEET_NS_10enable_if_IXntsrNS_11is_integralIS6_EE5valueEiE4typeE
FNA:2,3,_ZN5boost8functionIFvNS_9unit_test13basic_cstringIKcEEEEC2IZNS1_14runtime_config12_GLOBAL__N_119register_parametersERNS_7runtime16parameters_storeEEUlS4_E_EET_NS_10enable_if_IXntsrNS_11is_integralISE_EE5valueEiE4typeE
FNA:2,27,_ZN5boost8functionIFvRKNS_5debug16dbg_startup_infoEEEC2IPS5_EET_NS_10enable_if_IXntsrNS_11is_integralIS9_EE5valueEiE4typeE
FNA:2,0,_ZN5boost8functionIFvvEEC2INS_3_bi6bind_tIvNS_4_mfi3mf0IvNS_9unit_test17test_unit_fixtureEEENS4_5list1INS4_5valueINS_10shared_ptrIS9_EEEEEEEEEET_NS_10enable_if_IXntsrNS_11is_integralISI_EE5valueEiE4typeE
FNA:2,0,_ZN5boost8functionIFvvEEC2INS_3_bi6bind_tIvNS_4_mfi3mf1IvNS_9unit_test15unit_test_log_tERSoEENS4_5list2INS4_5valueIPS9_EENS_17reference_wrapperISoEEEEEEEET_NS_10enable_if_IXntsrNS_11is_integralISK_EE5valueEiE4typeE
FNA:2,9,_ZN5boost8functionIFvvEEC2INS_3_bi6bind_tIvNS_4_mfi3mf2IvNS_9unit_test13test_observerEmmEENS4_5list3INS4_5valueIPS9_EENSC_INS8_17test_case_counter19readonly_property43EEENSC_ImEEEEEEEET_NS_10enable_if_IXntsrNS_11is_integralISL_EE5valueEiE4typeE
FNA:2,0,_ZN5boost8functionIFvvEEC2INS_3_bi6bind_tIvNS_4_mfi3mf2IvNS_9unit_test15unit_test_log_tENS8_13output_formatERSoEENS4_5list3INS4_5valueIPS9_EENSE_ISA_EENS_17reference_wrapperISoEEEEEEEET_NS_10enable_if_IXntsrNS_11is_integralISM_EE5valueEiE4typeE
FNA:2,3,_ZN5boost8functionIFvvEEC2INS_3_bi6bind_tIvPFvPFPNS_9unit_test10test_suiteEiPPcEENS4_5list1INS4_5valueISC_EEEEEEEET_NS_10enable_if_IXntsrNS_11is_integralISK_EE5valueEiE4typeE
FNA:2,0,_ZN5boost8functionIFvvEEC2INS_3_bi6bind_tIvPFvRSoENS4_5list1INS_17reference_wrapperISoEEEEEEEET_NS_10enable_if_IXntsrNS_11is_integralISE_EE5valueEiE4typeE
FNA:2,135,_ZN5boost8functionIFvvEEC2IPS1_EET_NS_10enable_if_IXntsrNS_11is_integralIS5_EE5valueEiE4typeE
FNL:3,112,118
FNA:3,79,_ZN5boost6detail8function22void_function_invoker0IPFvvEvE6invokeERNS1_15function_bufferE
FNA:3,0,_ZN5boost6detail8function22void_function_invoker1IPFvRKNS_5debug16dbg_startup_infoEEvS6_E6invokeERNS1_15function_bufferES6_
FNL:4,1129,1129
FNA:4,0,_ZN5boost8functionIFNS_10test_tools16assertion_resultEmEEC2ERKS4_
FNA:4,84,_ZN5boost8functionIFvNS_9unit_test13basic_cstringIKcEEEEC2ERKS6_
FNA:4,0,_ZN5boost8functionIFvRKNS_5debug16dbg_startup_infoEEEC2ERKS6_
FNA:4,135,_ZN5boost8functionIFvvEEC2ERKS2_
FNL:5,1135,1135
FNA:5,84,_ZN5boost8functionIFvNS_9unit_test13basic_cstringIKcEEEEC2EOS6_
FNL:6,1139,1143
FNA:6,0,_ZN5boost8functionIFvRKNS_5debug16dbg_startup_infoEEEaSERKS6_
FNL:7,1161,1165
FNA:7,3,_ZN5boost8functionIFvNS_9unit_test13basic_cstringIKcEEEEaSIZNS1_14runtime_config12_GLOBAL__N_119register_parametersERNS_7runtime16parameters_storeEEUlS4_E_EENS_10enable_if_IXntsrNS_11is_integralIT_EE5valueERS6_E4typeESG_
FNA:7,27,_ZN5boost8functionIFvRKNS_5debug16dbg_startup_infoEEEaSIPS5_EENS_10enable_if_IXntsrNS_11is_integralIT_EE5valueERS6_E4typeESB_
FNL:8,128,138
FNA:8,91,_ZN5boost6detail8function21function_obj_invoker0INS0_7forwardEiE6invokeERNS1_15function_bufferE
FNL:9,149,159
FNA:9,0,_ZN5boost6detail8function26void_function_obj_invoker0INS_3_bi6bind_tIvNS_4_mfi3mf0IvNS_9unit_test17test_unit_fixtureEEENS3_5list1INS3_5valueINS_10shared_ptrIS8_EEEEEEEEvE6invokeERNS1_15function_bufferE
FNA:9,0,_ZN5boost6detail8function26void_function_obj_invoker0INS_3_bi6bind_tIvNS_4_mfi3mf1IvNS_9unit_test15unit_test_log_tERSoEENS3_5list2INS3_5valueIPS8_EENS_17reference_wrapperISoEEEEEEvE6invokeERNS1_15function_bufferE
FNA:9,9,_ZN5boost6detail8function26void_function_obj_invoker0INS_3_bi6bind_tIvNS_4_mfi3mf2IvNS_9unit_test13test_observerEmmEENS3_5list3INS3_5valueIPS8_EENSB_INS7_17test_case_counter19readonly_property43EEENSB_ImEEEEEEvE6invokeERNS1_15function_bufferE
FNA:9,0,_ZN5boost6detail8function26void_function_obj_invoker0INS_3_bi6bind_tIvNS_4_mfi3mf2IvNS_9unit_test15unit_test_log_tENS7_13output_formatERSoEENS3_5list3INS3_5valueIPS8_EENSD_IS9_EENS_17reference_wrapperISoEEEEEEvE6invokeERNS1_15function_bufferE
FNA:9,3,_ZN5boost6detail8function26void_function_obj_invoker0INS_3_bi6bind_tIvPFvPFPNS_9unit_test10test_suiteEiPPcEENS3_5list1INS3_5valueISB_EEEEEEvE6invokeERNS1_15function_bufferE
FNA:9,0,_ZN5boost6detail8function26void_function_obj_invoker0INS_3_bi6bind_tIvPFvRSoENS3_5list1INS_17reference_wrapperISoEEEEEEvE6invokeERNS1_15function_bufferE
FNA:9,0,_ZN5boost6detail8function26void_function_obj_invoker1IZNS_9unit_test14runtime_config12_GLOBAL__N_119register_parametersERNS_7runtime16parameters_storeEEUlNS3_13basic_cstringIKcEEE_vSB_E6invokeERNS1_15function_bufferESB_
FNL:10,490,494
FNA:10,91,_ZNK5boost6detail8function13basic_vtable0IiE9assign_toINS0_7forwardEEEbT_RNS1_15function_bufferE
FNA:10,0,_ZNK5boost6detail8function13basic_vtable0IvE9assign_toINS_3_bi6bind_tIvNS_4_mfi3mf0IvNS_9unit_test17test_unit_fixtureEEENS5_5list1INS5_5valueINS_10shared_ptrISA_EEEEEEEEEEbT_RNS1_15function_bufferE
FNA:10,0,_ZNK5boost6detail8function13basic_vtable0IvE9assign_toINS_3_bi6bind_tIvNS_4_mfi3mf1IvNS_9unit_test15unit_test_log_tERSoEENS5_5list2INS5_5valueIPSA_EENS_17reference_wrapperISoEEEEEEEEbT_RNS1_15function_bufferE
FNA:10,9,_ZNK5boost6detail8function13basic_vtable0IvE9assign_toINS_3_bi6bind_tIvNS_4_mfi3mf2IvNS_9unit_test13test_observerEmmEENS5_5list3INS5_5valueIPSA_EENSD_INS9_17test_case_counter19readonly_property43EEENSD_ImEEEEEEEEbT_RNS1_15function_bufferE
FNA:10,0,_ZNK5boost6detail8function13basic_vtable0IvE9assign_toINS_3_bi6bind_tIvNS_4_mfi3mf2IvNS_9unit_test15unit_test_log_tENS9_13output_formatERSoEENS5_5list3INS5_5valueIPSA_EENSF_ISB_EENS_17reference_wrapperISoEEEEEEEEbT_RNS1_15function_bufferE
FNA:10,3,_ZNK5boost6detail8function13basic_vtable0IvE9assign_toINS_3_bi6bind_tIvPFvPFPNS_9unit_test10test_suiteEiPPcEENS5_5list1INS5_5valueISD_EEEEEEEEbT_RNS1_15function_bufferE
FNA:10,0,_ZNK5boost6detail8function13basic_vtable0IvE9assign_toINS_3_bi6bind_tIvPFvRSoENS5_5list1INS_17reference_wrapperISoEEEEEEEEbT_RNS1_15function_bufferE
FNA:10,135,_ZNK5boost6detail8function13basic_vtable0IvE9assign_toIPFvvEEEbT_RNS1_15function_bufferE
FNA:10,3,_ZNK5boost6detail8function13basic_vtable1IvNS_9unit_test13basic_cstringIKcEEE9assign_toIZNS3_14runtime_config12_GLOBAL__N_119register_parametersERNS_7runtime16parameters_storeEEUlS6_E_EEbT_RNS1_15function_bufferE
FNA:10,27,_ZNK5boost6detail8function13basic_vtable1IvRKNS_5debug16dbg_startup_infoEE9assign_toIPFvS6_EEEbT_RNS1_15function_bufferE
FNL:11,502,514
FNA:11,0,_ZNK5boost6detail8function13basic_vtable0IiE5clearERNS1_15function_bufferE
FNA:11,144,_ZNK5boost6detail8function13basic_vtable0IvE5clearERNS1_15function_bufferE
FNA:11,0,_ZNK5boost6detail8function13basic_vtable1INS_10test_tools16assertion_resultEmE5clearERNS1_15function_bufferE
FNA:11,0,_ZNK5boost6detail8function13basic_vtable1IvNS_9unit_test13basic_cstringIKcEEE5clearERNS1_15function_bufferE
FNA:11,27,_ZNK5boost6detail8function13basic_vtable1IvRKNS_5debug16dbg_startup_infoEE5clearERNS1_15function_bufferE
FNL:12,520,531
FNA:12,135,_ZNK5boost6detail8function13basic_vtable0IvE9assign_toIPFvvEEEbT_RNS1_15function_bufferENS1_16function_ptr_tagE
FNA:12,27,_ZNK5boost6detail8function13basic_vtable1IvRKNS_5debug16dbg_startup_infoEE9assign_toIPFvS6_EEEbT_RNS1_15function_bufferENS1_16function_ptr_tagE
FNL:13,573,576
FNA:13,91,_ZNK5boost6detail8function13basic_vtable0IiE14assign_functorINS0_7forwardEEEvT_RNS1_15function_bufferENS_17integral_constantIbLb1EEE
FNA:13,3,_ZNK5boost6detail8function13basic_vtable0IvE14assign_functorINS_3_bi6bind_tIvPFvPFPNS_9unit_test10test_suiteEiPPcEENS5_5list1INS5_5valueISD_EEEEEEEEvT_RNS1_15function_bufferENS_17integral_constantIbLb1EEE
FNA:13,0,_ZNK5boost6detail8function13basic_vtable0IvE14assign_functorINS_3_bi6bind_tIvPFvRSoENS5_5list1INS_17reference_wrapperISoEEEEEEEEvT_RNS1_15function_bufferENS_17integral_constantIbLb1EEE
FNA:13,3,_ZNK5boost6detail8function13basic_vtable1IvNS_9unit_test13basic_cstringIKcEEE14assign_functorIZNS3_14runtime_config12_GLOBAL__N_119register_parametersERNS_7runtime16parameters_storeEEUlS6_E_EEvT_RNS1_15function_bufferENS_17integral_constantIbLb1EEE
FNL:14,587,590
FNA:14,0,_ZNK5boost6detail8function13basic_vtable0IvE14assign_functorINS_3_bi6bind_tIvNS_4_mfi3mf0IvNS_9unit_test17test_unit_fixtureEEENS5_5list1INS5_5valueINS_10shared_ptrISA_EEEEEEEEEEvT_RNS1_15function_bufferENS_17integral_constantIbLb0EEE
FNA:14,0,_ZNK5boost6detail8function13basic_vtable0IvE14assign_functorINS_3_bi6bind_tIvNS_4_mfi3mf1IvNS_9unit_test15unit_test_log_tERSoEENS5_5list2INS5_5valueIPSA_EENS_17reference_wrapperISoEEEEEEEEvT_RNS1_15function_bufferENS_17integral_constantIbLb0EEE
FNA:14,9,_ZNK5boost6detail8function13basic_vtable0IvE14assign_functorINS_3_bi6bind_tIvNS_4_mfi3mf2IvNS_9unit_test13test_observerEmmEENS5_5list3INS5_5valueIPSA_EENSD_INS9_17test_case_counter19readonly_property43EEENSD_ImEEEEEEEEvT_RNS1_15function_bufferENS_17integral_constantIbLb0EEE
FNA:14,0,_ZNK5boost6detail8function13basic_vtable0IvE14assign_functorINS_3_bi6bind_tIvNS_4_mfi3mf2IvNS_9unit_test15unit_test_log_tENS9_13output_formatERSoEENS5_5list3INS5_5valueIPSA_EENSF_ISB_EENS_17reference_wrapperISoEEEEEEEEvT_RNS1_15function_bufferENS_17integral_constantIbLb0EEE
FNL:15,617,626
FNA:15,91,_ZNK5boost6detail8function13basic_vtable0IiE9assign_toINS0_7forwardEEEbT_RNS1_15function_bufferENS1_16function_obj_tagE
FNA:15,0,_ZNK5boost6detail8function13basic_vtable0IvE9assign_toINS_3_bi6bind_tIvNS_4_mfi3mf0IvNS_9unit_test17test_unit_fixtureEEENS5_5list1INS5_5valueINS_10shared_ptrISA_EEEEEEEEEEbT_RNS1_15function_bufferENS1_16function_obj_tagE
FNA:15,0,_ZNK5boost6detail8function13basic_vtable0IvE9assign_toINS_3_bi6bind_tIvNS_4_mfi3mf1IvNS_9unit_test15unit_test_log_tERSoEENS5_5list2INS5_5valueIPSA_EENS_17reference_wrapperISoEEEEEEEEbT_RNS1_15function_bufferENS1_16function_obj_tagE
FNA:15,9,_ZNK5boost6detail8function13basic_vtable0IvE9assign_toINS_3_bi6bind_tIvNS_4_mfi3mf2IvNS_9unit_test13test_observerEmmEENS5_5list3INS5_5valueIPSA_EENSD_INS9_17test_case_counter19readonly_property43EEENSD_ImEEEEEEEEbT_RNS1_15function_bufferENS1_16function_obj_tagE
FNA:15,0,_ZNK5boost6detail8function13basic_vtable0IvE9assign_toINS_3_bi6bind_tIvNS_4_mfi3mf2IvNS_9unit_test15unit_test_log_tENS9_13output_formatERSoEENS5_5list3INS5_5valueIPSA_EENSF_ISB_EENS_17reference_wrapperISoEEEEEEEEbT_RNS1_15function_bufferENS1_16function_obj_tagE
FNA:15,3,_ZNK5boost6detail8function13basic_vtable0IvE9assign_toINS_3_bi6bind_tIvPFvPFPNS_9unit_test10test_suiteEiPPcEENS5_5list1INS5_5valueISD_EEEEEEEEbT_RNS1_15function_bufferENS1_16function_obj_tagE
FNA:15,0,_ZNK5boost6detail8function13basic_vtable0IvE9assign_toINS_3_bi6bind_tIvPFvRSoENS5_5list1INS_17reference_wrapperISoEEEEEEEEbT_RNS1_15function_bufferENS1_16function_obj_tagE
FNA:15,3,_ZNK5boost6detail8function13basic_vtable1IvNS_9unit_test13basic_cstringIKcEEE9assign_toIZNS3_14runtime_config12_GLOBAL__N_119register_parametersERNS_7runtime16parameters_storeEEUlS6_E_EEbT_RNS1_15function_bufferENS1_16function_obj_tagE
FNL:16,685,688
FNA:16,91,_ZNK5boost9function0IiE10get_vtableEv
FNA:16,100,_ZNK5boost9function0IvE10get_vtableEv
FNA:16,0,_ZNK5boost9function1INS_10test_tools16assertion_resultEmE10get_vtableEv
FNA:16,0,_ZNK5boost9function1IvNS_9unit_test13basic_cstringIKcEEE10get_vtableEv
FNA:16,0,_ZNK5boost9function1IvRKNS_5debug16dbg_startup_infoEE10get_vtableEv
FNL:17,714,714
FNA:17,3,_ZN5boost9function0IvEC2Ev
FNA:17,87,_ZN5boost9function1IvNS_9unit_test13basic_cstringIKcEEEC2Ev
FNA:17,54,_ZN5boost9function1IvRKNS_5debug16dbg_startup_infoEEC2Ev
FNL:18,719,729
FNA:18,91,_ZN5boost9function0IiEC2INS_6detail7forwardEEET_NS_10enable_if_IXntsrNS_11is_integralIS5_EE5valueEiE4typeE
FNA:18,0,_ZN5boost9function0IvEC2INS_3_bi6bind_tIvNS_4_mfi3mf0IvNS_9unit_test17test_unit_fixtureEEENS3_5list1INS3_5valueINS_10shared_ptrIS8_EEEEEEEEEET_NS_10enable_if_IXntsrNS_11is_integralISH_EE5valueEiE4typeE
FNA:18,0,_ZN5boost9function0IvEC2INS_3_bi6bind_tIvNS_4_mfi3mf1IvNS_9unit_test15unit_test_log_tERSoEENS3_5list2INS3_5valueIPS8_EENS_17reference_wrapperISoEEEEEEEET_NS_10enable_if_IXntsrNS_11is_integralISJ_EE5valueEiE4typeE
FNA:18,9,_ZN5boost9function0IvEC2INS_3_bi6bind_tIvNS_4_mfi3mf2IvNS_9unit_test13test_observerEmmEENS3_5list3INS3_5valueIPS8_EENSB_INS7_17test_case_counter19readonly_property43EEENSB_ImEEEEEEEET_NS_10enable_if_IXntsrNS_11is_integralISK_EE5valueEiE4typeE
FNA:18,0,_ZN5boost9function0IvEC2INS_3_bi6bind_tIvNS_4_mfi3mf2IvNS_9unit_test15unit_test_log_tENS7_13output_formatERSoEENS3_5list3INS3_5valueIPS8_EENSD_IS9_EENS_17reference_wrapperISoEEEEEEEET_NS_10enable_if_IXntsrNS_11is_integralISL_EE5valueEiE4typeE
FNA:18,3,_ZN5boost9function0IvEC2INS_3_bi6bind_tIvPFvPFPNS_9unit_test10test_suiteEiPPcEENS3_5list1INS3_5valueISB_EEEEEEEET_NS_10enable_if_IXntsrNS_11is_integralISJ_EE5valueEiE4typeE
FNA:18,0,_ZN5boost9function0IvEC2INS_3_bi6bind_tIvPFvRSoENS3_5list1INS_17reference_wrapperISoEEEEEEEET_NS_10enable_if_IXntsrNS_11is_integralISD_EE5valueEiE4typeE
FNA:18,135,_ZN5boost9function0IvEC2IPFvvEEET_NS_10enable_if_IXntsrNS_11is_integralIS5_EE5valueEiE4typeE
FNA:18,3,_ZN5boost9function1IvNS_9unit_test13basic_cstringIKcEEEC2IZNS1_14runtime_config12_GLOBAL__N_119register_parametersERNS_7runtime16parameters_storeEEUlS4_E_EET_NS_10enable_if_IXntsrNS_11is_integralISD_EE5valueEiE4typeE
FNA:18,27,_ZN5boost9function1IvRKNS_5debug16dbg_startup_infoEEC2IPFvS4_EEET_NS_10enable_if_IXntsrNS_11is_integralIS9_EE5valueEiE4typeE
FNL:19,752,755
FNA:19,135,_ZN5boost9function0IvEC2ERKS1_
FNA:19,0,_ZN5boost9function1INS_10test_tools16assertion_resultEmEC2ERKS3_
FNA:19,84,_ZN5boost9function1IvNS_9unit_test13basic_cstringIKcEEEC2ERKS5_
FNA:19,0,_ZN5boost9function1IvRKNS_5debug16dbg_startup_infoEEC2ERKS5_
FNL:20,758,761
FNA:20,84,_ZN5boost9function1IvNS_9unit_test13basic_cstringIKcEEEC2EOS5_
FNL:21,764,764
FNA:21,91,_ZN5boost9function0IiED2Ev
FNA:21,285,_ZN5boost9function0IvED2Ev
FNA:21,0,_ZN5boost9function1INS_10test_tools16assertion_resultEmED2Ev
FNA:21,258,_ZN5boost9function1IvNS_9unit_test13basic_cstringIKcEEED2Ev
FNA:21,81,_ZN5boost9function1IvRKNS_5debug16dbg_startup_infoEED2Ev
FNL:22,766,773
FNA:22,91,_ZNK5boost9function0IiEclEv
FNA:22,91,_ZNK5boost9function0IvEclEv
FNA:22,0,_ZNK5boost9function1INS_10test_tools16assertion_resultEmEclEm
FNA:22,0,_ZNK5boost9function1IvNS_9unit_test13basic_cstringIKcEEEclES4_
FNA:22,0,_ZNK5boost9function1IvRKNS_5debug16dbg_startup_infoEEclES4_
FNL:23,864,873
FNA:23,3,_ZN5boost9function1IvNS_9unit_test13basic_cstringIKcEEE4swapERS5_
FNA:23,27,_ZN5boost9function1IvRKNS_5debug16dbg_startup_infoEE4swapERS5_
FNL:24,876,883
FNA:24,91,_ZN5boost9function0IiE5clearEv
FNA:24,285,_ZN5boost9function0IvE5clearEv
FNA:24,0,_ZN5boost9function1INS_10test_tools16assertion_resultEmE5clearEv
FNA:24,342,_ZN5boost9function1IvNS_9unit_test13basic_cstringIKcEEE5clearEv
FNA:24,108,_ZN5boost9function1IvRKNS_5debug16dbg_startup_infoEE5clearEv
FNL:25,891,891
FNA:25,0,_ZN5boost9function0IvE5dummy7nonnullEv
FNL:26,897,898
FNA:26,3,_ZNK5boost9function0IvEcvMNS1_5dummyEFvvEEv
FNL:27,900,901
FNA:27,69,_ZNK5boost9function1IvNS_9unit_test13basic_cstringIKcEEEntEv
FNA:27,0,_ZNK5boost9function1IvRKNS_5debug16dbg_startup_infoEEntEv
FNL:28,905,930
FNA:28,135,_ZN5boost9function0IvE13assign_to_ownERKS1_
FNA:28,0,_ZN5boost9function1INS_10test_tools16assertion_resultEmE13assign_to_ownERKS3_
FNA:28,84,_ZN5boost9function1IvNS_9unit_test13basic_cstringIKcEEE13assign_to_ownERKS5_
FNA:28,0,_ZN5boost9function1IvRKNS_5debug16dbg_startup_infoEE13assign_to_ownERKS5_
FNL:29,933,964
FNA:29,91,_ZN5boost9function0IiE9assign_toINS_6detail7forwardEEEvT_
FNA:29,0,_ZN5boost9function0IvE9assign_toINS_3_bi6bind_tIvNS_4_mfi3mf0IvNS_9unit_test17test_unit_fixtureEEENS3_5list1INS3_5valueINS_10shared_ptrIS8_EEEEEEEEEEvT_
FNA:29,0,_ZN5boost9function0IvE9assign_toINS_3_bi6bind_tIvNS_4_mfi3mf1IvNS_9unit_test15unit_test_log_tERSoEENS3_5list2INS3_5valueIPS8_EENS_17reference_wrapperISoEEEEEEEEvT_
FNA:29,9,_ZN5boost9function0IvE9assign_toINS_3_bi6bind_tIvNS_4_mfi3mf2IvNS_9unit_test13test_observerEmmEENS3_5list3INS3_5valueIPS8_EENSB_INS7_17test_case_counter19readonly_property43EEENSB_ImEEEEEEEEvT_
FNA:29,0,_ZN5boost9function0IvE9assign_toINS_3_bi6bind_tIvNS_4_mfi3mf2IvNS_9unit_test15unit_test_log_tENS7_13output_formatERSoEENS3_5list3INS3_5valueIPS8_EENSD_IS9_EENS_17reference_wrapperISoEEEEEEEEvT_
FNA:29,3,_ZN5boost9function0IvE9assign_toINS_3_bi6bind_tIvPFvPFPNS_9unit_test10test_suiteEiPPcEENS3_5list1INS3_5valueISB_EEEEEEEEvT_
FNA:29,0,_ZN5boost9function0IvE9assign_toINS_3_bi6bind_tIvPFvRSoENS3_5list1INS_17reference_wrapperISoEEEEEEEEvT_
FNA:29,135,_ZN5boost9function0IvE9assign_toIPFvvEEEvT_
FNA:29,3,_ZN5boost9function1IvNS_9unit_test13basic_cstringIKcEEE9assign_toIZNS1_14runtime_config12_GLOBAL__N_119register_parametersERNS_7runtime16parameters_storeEEUlS4_E_EEvT_
FNA:29,27,_ZN5boost9function1IvRKNS_5debug16dbg_startup_infoEE9assign_toIPFvS4_EEEvT_
FNF:30
FNH:28
DA:112,79
DA:116,79
DA:117,79
DA:118,77
DA:128,91
DA:134,91
DA:137,91
DA:149,12
DA:155,3
DA:157,9
DA:158,12
DA:159,12
DA:490,268
DA:493,268
DA:502,171
DA:509,171
DA:510,171
DA:514,171
DA:520,162
DA:522,162
DA:523,162
DA:526,162
DA:527,162
DA:529,0
DA:573,97
DA:575,97
DA:576,97
DA:587,9
DA:589,9
DA:590,9
DA:617,106
DA:619,106
DA:620,106
DA:622,106
DA:624,0
DA:685,191
DA:687,191
DA:714,144
DA:719,268
DA:726,268
DA:728,268
DA:729,268
DA:752,219
DA:754,219
DA:755,219
DA:758,84
DA:760,84
DA:761,84
DA:764,715
DA:766,182
DA:768,182
DA:769,0
DA:771,182
DA:772,182
DA:864,30
DA:866,30
DA:867,0
DA:869,30
DA:870,30
DA:871,30
DA:872,30
DA:873,30
DA:876,826
DA:878,826
DA:879,406
DA:880,9
DA:881,406
DA:883,826
DA:891,0
DA:897,3
DA:898,3
DA:900,69
DA:901,69
DA:905,219
DA:907,219
DA:908,138
DA:909,138
DA:922,138
DA:927,0
DA:930,219
DA:933,268
DA:954,268
DA:955,268
DA:960,259
DA:961,268
DA:963,0
DA:964,268
DA:1003,174
DA:1005,174
DA:1006,0
DA:1009,174
DA:1010,63
DA:1011,63
DA:1024,63
DA:1034,0
DA:1039,63
DA:1041,111
DA:1043,0
DA:1044,0
DA:1045,0
DA:1100,114
DA:1103,268
DA:1110,268
DA:1112,268
DA:1129,219
DA:1135,84
DA:1139,0
DA:1141,0
DA:1142,0
DA:1161,30
DA:1163,30
DA:1164,30
LF:112
LH:97
end_of_record
TN:
SF:/usr/include/boost/io/ios_state.hpp
FNL:0,370,374
FNA:0,24,_ZN5boost2io18ios_base_all_saverC2ERSt8ios_base
FNL:1,376,378
FNA:1,24,_ZN5boost2io18ios_base_all_saverD2Ev
FNL:2,380,384
FNA:2,191,_ZN5boost2io18ios_base_all_saver7restoreEv
FNF:3
FNH:3
DA:370,24
DA:371,24
DA:372,24
DA:373,24
DA:374,24
DA:376,24
DA:377,24
DA:378,24
DA:380,191
DA:381,191
DA:382,191
DA:383,191
DA:384,191
LF:13
LH:13
end_of_record
TN:
SF:/usr/include/boost/iterator/iterator_facade.hpp
FNL:0,407,407
FNA:0,0,_ZN5boost9iterators6detail23operator_arrow_dispatchINS_9unit_test13basic_cstringIKcEEPS6_E5proxyC2ERKS6_
FNL:1,408,408
FNA:1,0,_ZN5boost9iterators6detail23operator_arrow_dispatchINS_9unit_test13basic_cstringIKcEEPS6_E5proxyptEv
FNL:2,415,418
FNA:2,0,_ZN5boost9iterators6detail23operator_arrow_dispatchINS_9unit_test13basic_cstringIKcEEPS6_E5applyERKS6_
FNL:3,629,632
FNA:3,0,_ZN5boost9iterators20iterator_core_access11dereferenceINS_9unit_test5utils27basic_string_token_iteratorIcNS4_9ut_detail20default_char_compareIcEEEEEENT_9referenceERKSA_
FNL:4,635,638
FNA:4,0,_ZN5boost9iterators20iterator_core_access9incrementINS_9unit_test5utils27basic_string_token_iteratorIcNS4_9ut_detail20default_char_compareIcEEEEEEvRT_
FNL:5,647,650
FNA:5,0,_ZN5boost9iterators20iterator_core_access5equalINS_9unit_test5utils27basic_string_token_iteratorIcNS4_9ut_detail20default_char_compareIcEEEES9_EEbRKT_RKT0_N4mpl_5bool_ILb1EEE
FNL:6,735,738
FNA:6,0,_ZNK5boost9iterators6detail20iterator_facade_baseINS_9unit_test5utils27basic_string_token_iteratorIcNS4_9ut_detail20default_char_compareIcEEEENS3_13basic_cstringIKcEENS0_21forward_traversal_tagESC_lLb0ELb0EEdeEv
FNL:7,740,743
FNA:7,0,_ZNK5boost9iterators6detail20iterator_facade_baseINS_9unit_test5utils27basic_string_token_iteratorIcNS4_9ut_detail20default_char_compareIcEEEENS3_13basic_cstringIKcEENS0_21forward_traversal_tagESC_lLb0ELb0EEptEv
FNL:8,745,749
FNA:8,0,_ZN5boost9iterators6detail20iterator_facade_baseINS_9unit_test5utils27basic_string_token_iteratorIcNS4_9ut_detail20default_char_compareIcEEEENS3_13basic_cstringIKcEENS0_21forward_traversal_tagESC_lLb0ELb0EEppEv
FNL:9,755,758
FNA:9,0,_ZN5boost9iterators6detail20iterator_facade_baseINS_9unit_test5utils27basic_string_token_iteratorIcNS4_9ut_detail20default_char_compareIcEEEENS3_13basic_cstringIKcEENS0_21forward_traversal_tagESC_lLb0ELb0EE7derivedEv
FNL:10,760,763
FNA:10,0,_ZNK5boost9iterators6detail20iterator_facade_baseINS_9unit_test5utils27basic_string_token_iteratorIcNS4_9ut_detail20default_char_compareIcEEEENS3_13basic_cstringIKcEENS0_21forward_traversal_tagESC_lLb0ELb0EE7derivedEv
FNL:11,982,982
FNA:11,0,_ZN5boost9iteratorsneINS_9unit_test5utils27basic_string_token_iteratorIcNS3_9ut_detail20default_char_compareIcEEEENS2_13basic_cstringIKcEENS0_21forward_traversal_tagESB_lS8_SB_SC_SB_lEENS0_6detail23enable_if_interoperableIT_T4_NS_3mpl6apply2INSD_12always_bool2ESF_SG_E4typeEE4typeERKNS0_15iterator_facadeISF_T0_T1_T2_T3_EERKNSO_ISG_T5_T6_T7_T8_EE
FNF:12
FNH:0
DA:407,0
DA:408,0
DA:415,0
DA:417,0
DA:629,0
DA:631,0
DA:635,0
DA:637,0
DA:638,0
DA:647,0
DA:649,0
DA:735,0
DA:737,0
DA:740,0
DA:742,0
DA:745,0
DA:747,0
DA:748,0
DA:755,0
DA:757,0
DA:760,0
DA:762,0
DA:982,0
LF:23
LH:0
end_of_record
TN:
SF:/usr/include/boost/smart_ptr/detail/operator_bool.hpp
FNL:0,12,15
FNA:0,0,_ZNK5boost10shared_ptrINS_16exception_detail15error_info_baseEEcvbEv
FNA:0,91,_ZNK5boost10shared_ptrINS_6detail22translator_holder_baseEEcvbEv
FNA:0,54,_ZNK5boost10shared_ptrINS_7runtime3cla13rt_cla_detail14parameter_trieEEcvbEv
FNA:0,0,_ZNK5boost10shared_ptrINS_7runtime3cla6parserEEcvbEv
FNL:1,61,64
FNA:1,148,_ZNK5boost10shared_ptrINS_23basic_wrap_stringstreamIcEEEntEv
FNA:1,219,_ZNK5boost10shared_ptrINS_7runtime3cla13rt_cla_detail14parameter_trieEEntEv
FNA:1,91,_ZNK5boost12scoped_arrayIcEntEv
FNF:2
FNH:2
DA:12,145
DA:14,145
DA:61,458
DA:63,458
LF:4
LH:4
end_of_record
TN:
SF:/usr/include/boost/smart_ptr/detail/shared_count.hpp
FNL:0,127,132
FNA:0,4265,_ZN5boost6detail12shared_countC2Ev
FNL:1,141,169
FNA:1,0,_ZN5boost6detail12shared_countC2INS_16exception_detail15error_info_baseEEEPT_
FNA:1,0,_ZN5boost6detail12shared_countC2INS_23basic_wrap_stringstreamIcEEEEPT_
FNA:1,18,_ZN5boost6detail12shared_countC2INS_2io18ios_base_all_saverEEEPT_
FNA:1,3,_ZN5boost6detail12shared_countC2INS_7runtime14enum_parameterINS_9unit_test12report_levelELNS3_11args_amountE0EEEEEPT_
FNA:1,12,_ZN5boost6detail12shared_countC2INS_7runtime14enum_parameterINS_9unit_test13output_formatELNS3_11args_amountE0EEEEEPT_
FNA:1,3,_ZN5boost6detail12shared_countC2INS_7runtime14enum_parameterINS_9unit_test9log_levelELNS3_11args_amountE0EEEEEPT_
FNA:1,3,_ZN5boost6detail12shared_countC2INS_7runtime14typed_argumentINS_9unit_test12report_levelEEEEEPT_
FNA:1,9,_ZN5boost6detail12shared_countC2INS_7runtime14typed_argumentINS_9unit_test13output_formatEEEEEPT_
FNA:1,3,_ZN5boost6detail12shared_countC2INS_7runtime14typed_argumentINS_9unit_test9log_levelEEEEEPT_
FNA:1,3,_ZN5boost6detail12shared_countC2INS_7runtime14typed_argumentINSt7__cxx1112basic_stringIcSt11char_traitsIcESaIcEEEEEEEPT_
FNA:1,6,_ZN5boost6detail12shared_countC2INS_7runtime14typed_argumentISt6vectorINSt7__cxx1112basic_stringIcSt11char_traitsIcESaIcEEESaISB_EEEEEEPT_
FNA:1,39,_ZN5boost6detail12shared_countC2INS_7runtime14typed_argumentIbEEEEPT_
FNA:1,3,_ZN5boost6detail12shared_countC2INS_7runtime14typed_argumentIjEEEEPT_
FNA:1,3,_ZN5boost6detail12shared_countC2INS_7runtime14typed_argumentImEEEEPT_
FNA:1,1716,_ZN5boost6detail12shared_countC2INS_7runtime3cla13rt_cla_detail14parameter_trieEEEPT_
FNA:1,3,_ZN5boost6detail12shared_countC2INS_7runtime3cla6parserEEEPT_
FNA:1,39,_ZN5boost6detail12shared_countC2INS_7runtime6optionEEEPT_
FNA:1,0,_ZN5boost6detail12shared_countC2INS_7runtime9parameterINS_9unit_test12report_levelELNS3_11args_amountE0ELb1EEEEEPT_
FNA:1,0,_ZN5boost6detail12shared_countC2INS_7runtime9parameterINS_9unit_test13output_formatELNS3_11args_amountE0ELb1EEEEEPT_
FNA:1,0,_ZN5boost6detail12shared_countC2INS_7runtime9parameterINS_9unit_test9log_levelELNS3_11args_amountE0ELb1EEEEEPT_
FNA:1,15,_ZN5boost6detail12shared_countC2INS_7runtime9parameterINSt7__cxx1112basic_stringIcSt11char_traitsIcESaIcEEELNS3_11args_amountE0ELb0EEEEEPT_
FNA:1,6,_ZN5boost6detail12shared_countC2INS_7runtime9parameterINSt7__cxx1112basic_stringIcSt11char_traitsIcESaIcEEELNS3_11args_amountE2ELb0EEEEEPT_
FNA:1,3,_ZN5boost6detail12shared_countC2INS_7runtime9parameterIjLNS3_11args_amountE0ELb0EEEEEPT_
FNA:1,3,_ZN5boost6detail12shared_countC2INS_7runtime9parameterImLNS3_11args_amountE0ELb0EEEEEPT_
FNA:1,9,_ZN5boost6detail12shared_countC2INS_9unit_test23unit_test_log_formatterEEEPT_
FNA:1,0,_ZN5boost6detail12shared_countC2INS_9unit_test9decorator10depends_onEEEPT_
FNA:1,0,_ZN5boost6detail12shared_countC2INS_9unit_test9decorator11descriptionEEEPT_
FNA:1,0,_ZN5boost6detail12shared_countC2INS_9unit_test9decorator12preconditionEEEPT_
FNA:1,0,_ZN5boost6detail12shared_countC2INS_9unit_test9decorator15stack_decoratorEEEPT_
FNA:1,0,_ZN5boost6detail12shared_countC2INS_9unit_test9decorator17expected_failuresEEEPT_
FNA:1,0,_ZN5boost6detail12shared_countC2INS_9unit_test9decorator5labelEEEPT_
FNA:1,0,_ZN5boost6detail12shared_countC2INS_9unit_test9decorator7timeoutEEEPT_
FNA:1,0,_ZN5boost6detail12shared_countC2INS_9unit_test9decorator9fixture_tEEEPT_
FNA:1,0,_ZN5boost6detail12shared_countC2INS_9unit_test9framework4impl21global_fixture_handleEEEPT_
FNL:2,210,238
FNA:2,0,_ZN5boost6detail12shared_countC2IPNS_9unit_test14runtime_config13stream_holder16callback_cleanerENS0_13sp_ms_deleterIS6_EEEET_NS0_14sp_inplace_tagIT0_EE
FNL:3,430,436
FNA:3,18630,_ZN5boost6detail12shared_countD2Ev
FNL:4,438,444
FNA:4,6796,_ZN5boost6detail12shared_countC2ERKS1_
FNL:5,448,454
FNA:5,5664,_ZN5boost6detail12shared_countC2EOS1_
FNL:6,475,480
FNA:6,6114,_ZN5boost6detail12shared_count4swapERS1_
FNL:7,521,524
FNA:7,0,_ZNK5boost6detail12shared_count19get_untyped_deleterEv
FNF:8
FNH:6
DA:127,4265
DA:132,4265
DA:141,1899
DA:150,1899
DA:152,0
DA:154,0
DA:155,0
DA:169,1899
DA:210,0
DA:219,0
DA:221,0
DA:223,0
DA:224,0
DA:238,0
DA:430,18630
DA:432,18630
DA:436,18630
DA:438,6796
DA:443,6796
DA:444,6796
DA:448,5664
DA:453,5664
DA:454,5664
DA:475,6114
DA:477,6114
DA:478,6114
DA:479,6114
DA:480,6114
DA:521,0
DA:523,0
LF:30
LH:19
end_of_record
TN:
SF:/usr/include/boost/smart_ptr/detail/sp_counted_base_gcc_atomic.hpp
FNL:0,106,109
FNA:0,6787,_ZN5boost6detail15sp_counted_base12add_ref_copyEv
FNL:1,116,123
FNA:1,8686,_ZN5boost6detail15sp_counted_base7releaseEv
FNL:2,130,136
FNA:2,1899,_ZN5boost6detail15sp_counted_base12weak_releaseEv
FNL:3,33,36
FNA:3,6787,_ZN5boost6detail16atomic_incrementEPj
FNL:4,38,41
FNA:4,10585,_ZN5boost6detail16atomic_decrementEPj
FNL:5,82,84
FNA:5,1899,_ZN5boost6detail15sp_counted_baseC2Ev
FNL:6,86,88
FNA:6,0,_ZN5boost6detail15sp_counted_baseD0Ev
FNA:6,1899,_ZN5boost6detail15sp_counted_baseD2Ev
FNL:7,97,100
FNA:7,1899,_ZN5boost6detail15sp_counted_base7destroyEv
FNF:8
FNH:8
DA:33,6787
DA:35,6787
DA:36,6787
DA:38,10585
DA:40,10585
DA:82,1899
DA:84,1899
DA:86,1899
DA:87,1899
DA:88,1899
DA:97,1899
DA:99,1899
DA:100,1899
DA:106,6787
DA:108,6787
DA:109,6787
DA:116,8686
DA:118,8686
DA:120,1899
DA:121,1899
DA:123,8686
DA:130,1899
DA:132,1899
DA:134,1899
DA:136,1899
LF:25
LH:25
end_of_record
TN:
SF:/usr/include/boost/smart_ptr/detail/sp_counted_impl.hpp
FNL:0,102,105
FNA:0,0,_ZN5boost6detail17sp_counted_impl_pINS_16exception_detail15error_info_baseEE19get_untyped_deleterEv
FNA:0,0,_ZN5boost6detail17sp_counted_impl_pINS_23basic_wrap_stringstreamIcEEE19get_untyped_deleterEv
FNA:0,0,_ZN5boost6detail17sp_counted_impl_pINS_2io18ios_base_all_saverEE19get_untyped_deleterEv
FNA:0,0,_ZN5boost6detail17sp_counted_impl_pINS_7runtime14enum_parameterINS_9unit_test12report_levelELNS2_11args_amountE0EEEE19get_untyped_deleterEv
FNA:0,0,_ZN5boost6detail17sp_counted_impl_pINS_7runtime14enum_parameterINS_9unit_test13output_formatELNS2_11args_amountE0EEEE19get_untyped_deleterEv
FNA:0,0,_ZN5boost6detail17sp_counted_impl_pINS_7runtime14enum_parameterINS_9unit_test9log_levelELNS2_11args_amountE0EEEE19get_untyped_deleterEv
FNA:0,0,_ZN5boost6detail17sp_counted_impl_pINS_7runtime14typed_argumentINS_9unit_test12report_levelEEEE19get_untyped_deleterEv
FNA:0,0,_ZN5boost6detail17sp_counted_impl_pINS_7runtime14typed_argumentINS_9unit_test13output_formatEEEE19get_untyped_deleterEv
FNA:0,0,_ZN5boost6detail17sp_counted_impl_pINS_7runtime14typed_argumentINS_9unit_test9log_levelEEEE19get_untyped_deleterEv
FNA:0,0,_ZN5boost6detail17sp_counted_impl_pINS_7runtime14typed_argumentINSt7__cxx1112basic_stringIcSt11char_traitsIcESaIcEEEEEE19get_untyped_deleterEv
[...]
FNA:1,975,_ZNK9__gnu_cxx16__aligned_membufISt4pairIKN5boost9unit_test13basic_cstringIKcEENS2_10shared_ptrINS2_7runtime11basic_paramEEEEE7_M_addrEv
FNA:1,453,_ZNK9__gnu_cxx16__aligned_membufISt4pairIKN5boost9unit_test13basic_cstringIKcEENS2_10shared_ptrINS2_7runtime3cla13rt_cla_detail14parameter_trieEEEEE7_M_addrEv
FNA:1,4772,_ZNK9__gnu_cxx16__aligned_membufISt4pairIKN5boost9unit_test13basic_cstringIKcEENS2_10shared_ptrINS2_7runtime8argumentEEEEE7_M_addrEv
FNA:1,27,_ZNK9__gnu_cxx16__aligned_membufISt4pairIKN5boost9unit_test13basic_cstringIKcEENS3_12report_levelEEE7_M_addrEv
FNA:1,60,_ZNK9__gnu_cxx16__aligned_membufISt4pairIKN5boost9unit_test13basic_cstringIKcEENS3_13output_formatEEE7_M_addrEv
FNA:1,150,_ZNK9__gnu_cxx16__aligned_membufISt4pairIKN5boost9unit_test13basic_cstringIKcEENS3_9log_levelEEE7_M_addrEv
FNA:1,3,_ZNK9__gnu_cxx16__aligned_membufISt4pairIKN5boost9unit_test13output_formatENS3_14runtime_config13stream_holderEEE7_M_addrEv
FNA:1,150,_ZNK9__gnu_cxx16__aligned_membufISt4pairIKNSt7__cxx1112basic_stringIcSt11char_traitsIcESaIcEEEN5boost8functionIFvRKNS9_5debug16dbg_startup_infoEEEEEE7_M_addrEv
FNA:1,6342,_ZNK9__gnu_cxx16__aligned_membufISt4pairIKcN5boost10shared_ptrINS3_7runtime3cla13rt_cla_detail14parameter_trieEEEEE7_M_addrEv
FNA:1,0,_ZNK9__gnu_cxx16__aligned_membufISt4pairIKcPS2_EE7_M_addrEv
FNA:1,3161,_ZNK9__gnu_cxx16__aligned_membufISt4pairIKmN5boost9unit_test12test_resultsEEE7_M_addrEv
FNA:1,0,_ZNK9__gnu_cxx16__aligned_membufISt4pairIKmN5boost9unit_test6output10junit_impl16junit_log_helperEEE7_M_addrEv
FNA:1,1344,_ZNK9__gnu_cxx16__aligned_membufISt4pairIKmN5boost9unit_test9framework4impl10order_infoEEE7_M_addrEv
FNA:1,10637,_ZNK9__gnu_cxx16__aligned_membufISt4pairIKmPN5boost9unit_test9test_unitEEE7_M_addrEv
FNA:1,1291,_ZNK9__gnu_cxx16__aligned_membufISt4pairIKmmEE7_M_addrEv
FNL:2,72,73
FNA:2,270,_ZN9__gnu_cxx16__aligned_membufINSt7__cxx1112basic_stringIcSt11char_traitsIcESaIcEEEE6_M_ptrEv
FNA:2,0,_ZN9__gnu_cxx16__aligned_membufIPKN5boost7runtime16parameter_cla_idEE6_M_ptrEv
FNA:2,42,_ZN9__gnu_cxx16__aligned_membufIPN5boost9unit_test13test_observerEE6_M_ptrEv
FNA:2,0,_ZN9__gnu_cxx16__aligned_membufIPN5boost9unit_test14global_fixtureEE6_M_ptrEv
FNA:2,0,_ZN9__gnu_cxx16__aligned_membufISt4pairIKN5boost16exception_detail10type_info_ENS2_10shared_ptrINS3_15error_info_baseEEEEE6_M_ptrEv
FNA:2,180,_ZN9__gnu_cxx16__aligned_membufISt4pairIKN5boost9unit_test13basic_cstringIKcEENS2_10shared_ptrINS2_7runtime11basic_paramEEEEE6_M_ptrEv
FNA:2,465,_ZN9__gnu_cxx16__aligned_membufISt4pairIKN5boost9unit_test13basic_cstringIKcEENS2_10shared_ptrINS2_7runtime3cla13rt_cla_detail14parameter_trieEEEEE6_M_ptrEv
FNA:2,261,_ZN9__gnu_cxx16__aligned_membufISt4pairIKN5boost9unit_test13basic_cstringIKcEENS2_10shared_ptrINS2_7runtime8argumentEEEEE6_M_ptrEv
FNA:2,60,_ZN9__gnu_cxx16__aligned_membufISt4pairIKN5boost9unit_test13basic_cstringIKcEENS3_12report_levelEEE6_M_ptrEv
FNA:2,180,_ZN9__gnu_cxx16__aligned_membufISt4pairIKN5boost9unit_test13basic_cstringIKcEENS3_13output_formatEEE6_M_ptrEv
FNA:2,165,_ZN9__gnu_cxx16__aligned_membufISt4pairIKN5boost9unit_test13basic_cstringIKcEENS3_9log_levelEEE6_M_ptrEv
FNA:2,9,_ZN9__gnu_cxx16__aligned_membufISt4pairIKN5boost9unit_test13output_formatENS3_14runtime_config13stream_holderEEE6_M_ptrEv
FNA:2,99,_ZN9__gnu_cxx16__aligned_membufISt4pairIKNSt7__cxx1112basic_stringIcSt11char_traitsIcESaIcEEEN5boost8functionIFvRKNS9_5debug16dbg_startup_infoEEEEEE6_M_ptrEv
FNA:2,3450,_ZN9__gnu_cxx16__aligned_membufISt4pairIKcN5boost10shared_ptrINS3_7runtime3cla13rt_cla_detail14parameter_trieEEEEE6_M_ptrEv
FNA:2,0,_ZN9__gnu_cxx16__aligned_membufISt4pairIKcPS2_EE6_M_ptrEv
FNA:2,1052,_ZN9__gnu_cxx16__aligned_membufISt4pairIKmN5boost9unit_test12test_resultsEEE6_M_ptrEv
FNA:2,0,_ZN9__gnu_cxx16__aligned_membufISt4pairIKmN5boost9unit_test6output10junit_impl16junit_log_helperEEE6_M_ptrEv
FNA:2,405,_ZN9__gnu_cxx16__aligned_membufISt4pairIKmN5boost9unit_test9framework4impl10order_infoEEE6_M_ptrEv
FNA:2,3340,_ZN9__gnu_cxx16__aligned_membufISt4pairIKmPN5boost9unit_test9test_unitEEE6_M_ptrEv
FNA:2,270,_ZN9__gnu_cxx16__aligned_membufISt4pairIKmmEE6_M_ptrEv
FNA:2,0,_ZN9__gnu_cxx16__aligned_membufImE6_M_ptrEv
FNL:3,76,77
FNA:3,837,_ZNK9__gnu_cxx16__aligned_membufINSt7__cxx1112basic_stringIcSt11char_traitsIcESaIcEEEE6_M_ptrEv
FNA:3,0,_ZNK9__gnu_cxx16__aligned_membufIPKN5boost7runtime16parameter_cla_idEE6_M_ptrEv
FNA:3,724,_ZNK9__gnu_cxx16__aligned_membufIPN5boost9unit_test13test_observerEE6_M_ptrEv
FNA:3,0,_ZNK9__gnu_cxx16__aligned_membufIPN5boost9unit_test14global_fixtureEE6_M_ptrEv
FNA:3,0,_ZNK9__gnu_cxx16__aligned_membufISt4pairIKN5boost16exception_detail10type_info_ENS2_10shared_ptrINS3_15error_info_baseEEEEE6_M_ptrEv
FNA:3,975,_ZNK9__gnu_cxx16__aligned_membufISt4pairIKN5boost9unit_test13basic_cstringIKcEENS2_10shared_ptrINS2_7runtime11basic_paramEEEEE6_M_ptrEv
FNA:3,453,_ZNK9__gnu_cxx16__aligned_membufISt4pairIKN5boost9unit_test13basic_cstringIKcEENS2_10shared_ptrINS2_7runtime3cla13rt_cla_detail14parameter_trieEEEEE6_M_ptrEv
FNA:3,4772,_ZNK9__gnu_cxx16__aligned_membufISt4pairIKN5boost9unit_test13basic_cstringIKcEENS2_10shared_ptrINS2_7runtime8argumentEEEEE6_M_ptrEv
FNA:3,27,_ZNK9__gnu_cxx16__aligned_membufISt4pairIKN5boost9unit_test13basic_cstringIKcEENS3_12report_levelEEE6_M_ptrEv
FNA:3,60,_ZNK9__gnu_cxx16__aligned_membufISt4pairIKN5boost9unit_test13basic_cstringIKcEENS3_13output_formatEEE6_M_ptrEv
FNA:3,150,_ZNK9__gnu_cxx16__aligned_membufISt4pairIKN5boost9unit_test13basic_cstringIKcEENS3_9log_levelEEE6_M_ptrEv
FNA:3,3,_ZNK9__gnu_cxx16__aligned_membufISt4pairIKN5boost9unit_test13output_formatENS3_14runtime_config13stream_holderEEE6_M_ptrEv
FNA:3,150,_ZNK9__gnu_cxx16__aligned_membufISt4pairIKNSt7__cxx1112basic_stringIcSt11char_traitsIcESaIcEEEN5boost8functionIFvRKNS9_5debug16dbg_startup_infoEEEEEE6_M_ptrEv
FNA:3,6342,_ZNK9__gnu_cxx16__aligned_membufISt4pairIKcN5boost10shared_ptrINS3_7runtime3cla13rt_cla_detail14parameter_trieEEEEE6_M_ptrEv
FNA:3,0,_ZNK9__gnu_cxx16__aligned_membufISt4pairIKcPS2_EE6_M_ptrEv
FNA:3,3161,_ZNK9__gnu_cxx16__aligned_membufISt4pairIKmN5boost9unit_test12test_resultsEEE6_M_ptrEv
FNA:3,0,_ZNK9__gnu_cxx16__aligned_membufISt4pairIKmN5boost9unit_test6output10junit_impl16junit_log_helperEEE6_M_ptrEv
FNA:3,1344,_ZNK9__gnu_cxx16__aligned_membufISt4pairIKmN5boost9unit_test9framework4impl10order_infoEEE6_M_ptrEv
FNA:3,10637,_ZNK9__gnu_cxx16__aligned_membufISt4pairIKmPN5boost9unit_test9test_unitEEE6_M_ptrEv
FNA:3,1291,_ZNK9__gnu_cxx16__aligned_membufISt4pairIKmmEE6_M_ptrEv
FNF:4
FNH:4
DA:64,10248
DA:65,10248
DA:68,30926
DA:69,30926
DA:72,10248
DA:73,10248
DA:76,30926
DA:77,30926
LF:8
LH:8
end_of_record
TN:
SF:/usr/include/c++/14/ext/alloc_traits.h
FNF:0
FNH:0
DA:98,156
DA:102,3
LF:2
LH:2
end_of_record
TN:
SF:/usr/include/c++/14/initializer_list
FNL:0,69,69
FNA:0,18,_ZNKSt16initializer_listISt4pairIKN5boost9unit_test13basic_cstringIKcEENS2_12report_levelEEE4sizeEv
FNA:0,60,_ZNKSt16initializer_listISt4pairIKN5boost9unit_test13basic_cstringIKcEENS2_13output_formatEEE4sizeEv
FNA:0,39,_ZNKSt16initializer_listISt4pairIKN5boost9unit_test13basic_cstringIKcEENS2_9log_levelEEE4sizeEv
FNA:0,0,_ZNKSt16initializer_listISt4pairIKcPS1_EE4sizeEv
FNL:1,73,73
FNA:1,24,_ZNKSt16initializer_listISt4pairIKN5boost9unit_test13basic_cstringIKcEENS2_12report_levelEEE5beginEv
FNA:1,84,_ZNKSt16initializer_listISt4pairIKN5boost9unit_test13basic_cstringIKcEENS2_13output_formatEEE5beginEv
FNA:1,45,_ZNKSt16initializer_listISt4pairIKN5boost9unit_test13basic_cstringIKcEENS2_9log_levelEEE5beginEv
FNA:1,0,_ZNKSt16initializer_listISt4pairIKcPS1_EE5beginEv
FNL:2,77,77
FNA:2,18,_ZNKSt16initializer_listISt4pairIKN5boost9unit_test13basic_cstringIKcEENS2_12report_levelEEE3endEv
FNA:2,60,_ZNKSt16initializer_listISt4pairIKN5boost9unit_test13basic_cstringIKcEENS2_13output_formatEEE3endEv
FNA:2,39,_ZNKSt16initializer_listISt4pairIKN5boost9unit_test13basic_cstringIKcEENS2_9log_levelEEE3endEv
FNA:2,0,_ZNKSt16initializer_listISt4pairIKcPS1_EE3endEv
FNF:3
FNH:3
DA:69,117
DA:73,153
DA:77,117
LF:3
LH:3
end_of_record
TN:
SF:/usr/include/c++/14/iomanip
FNL:0,232,233
FNA:0,0,_ZSt4setwi
FNF:1
FNH:0
DA:232,0
DA:233,0
LF:2
LH:0
end_of_record
TN:
SF:/usr/include/c++/14/limits
FNL:0,1274,1274
FNA:0,270,_ZNSt14numeric_limitsImE3maxEv
FNF:1
FNH:1
DA:1274,270
LF:1
LH:1
end_of_record
TN:
SF:/usr/include/c++/14/new
FNL:0,179,180
FNA:0,9013,_ZnwmPv
FNL:1,185,185
FNA:1,0,_ZdlPvS_
FNF:2
FNH:1
DA:179,9013
DA:180,9013
DA:185,0
LF:3
LH:2
end_of_record
TN:
SF:/usr/include/c++/14/tuple
FNL:0,1472,1474
FNA:0,0,_ZNSt5tupleIJRKN5boost16exception_detail10type_info_EEEC2ILb1ELb1EEES4_
FNA:0,69,_ZNSt5tupleIJRKN5boost9unit_test13basic_cstringIKcEEEEC2ILb1ELb1EEES6_
FNA:0,3,_ZNSt5tupleIJRKN5boost9unit_test13output_formatEEEC2ILb1ELb1EEES4_
FNA:0,0,_ZNSt5tupleIJRKNSt7__cxx1112basic_stringIcSt11char_traitsIcESaIcEEEEEC2ILb1ELb1EEES7_
FNA:0,273,_ZNSt5tupleIJRKmEEC2ILb1ELb1EEES1_
FNL:1,1487,1490
FNA:1,9,_ZNSt5tupleIJON5boost9unit_test13basic_cstringIKcEEEEC2IJS4_ELb1ELb1EEEDpOT_
FNA:1,27,_ZNSt5tupleIJONSt7__cxx1112basic_stringIcSt11char_traitsIcESaIcEEEEEC2IJS5_ELb1ELb1EEEDpOT_
FNA:1,0,_ZNSt5tupleIJOmEEC2IJmELb1ELb1EEEDpOT_
FNL:2,1503,1503
FNA:2,9,_ZNSt5tupleIJON5boost9unit_test13basic_cstringIKcEEEEC2EOS6_
FNA:2,27,_ZNSt5tupleIJONSt7__cxx1112basic_stringIcSt11char_traitsIcESaIcEEEEEC2EOS7_
FNA:2,0,_ZNSt5tupleIJOmEEC2EOS1_
FNA:2,0,_ZNSt5tupleIJRKN5boost16exception_detail10type_info_EEEC2EOS5_
FNA:2,69,_ZNSt5tupleIJRKN5boost9unit_test13basic_cstringIKcEEEEC2EOS7_
FNA:2,3,_ZNSt5tupleIJRKN5boost9unit_test13output_formatEEEC2EOS5_
FNA:2,0,_ZNSt5tupleIJRKNSt7__cxx1112basic_stringIcSt11char_traitsIcESaIcEEEEEC2EOS8_
FNA:2,273,_ZNSt5tupleIJRKmEEC2EOS2_
FNL:3,201,202
FNA:3,0,_ZNSt10_Head_baseILm0ERKN5boost16exception_detail10type_info_ELb0EEC2ES4_
FNA:3,69,_ZNSt10_Head_baseILm0ERKN5boost9unit_test13basic_cstringIKcEELb0EEC2ES6_
FNA:3,3,_ZNSt10_Head_baseILm0ERKN5boost9unit_test13output_formatELb0EEC2ES4_
FNA:3,0,_ZNSt10_Head_baseILm0ERKNSt7__cxx1112basic_stringIcSt11char_traitsIcESaIcEEELb0EEC2ES7_
FNA:3,273,_ZNSt10_Head_baseILm0ERKmLb0EEC2ES1_
FNL:4,208,209
FNA:4,9,_ZNSt10_Head_baseILm0EON5boost9unit_test13basic_cstringIKcEELb0EEC2IS4_EEOT_
FNA:4,27,_ZNSt10_Head_baseILm0EONSt7__cxx1112basic_stringIcSt11char_traitsIcESaIcEEELb0EEC2IS5_EEOT_
FNA:4,0,_ZNSt10_Head_baseILm0EOmLb0EEC2ImEEOT_
FNL:5,242,242
FNA:5,9,_ZNSt10_Head_baseILm0EON5boost9unit_test13basic_cstringIKcEELb0EE7_M_headERS6_
FNA:5,27,_ZNSt10_Head_baseILm0EONSt7__cxx1112basic_stringIcSt11char_traitsIcESaIcEEELb0EE7_M_headERS7_
FNA:5,0,_ZNSt10_Head_baseILm0EOmLb0EE7_M_headERS1_
FNA:5,0,_ZNSt10_Head_baseILm0ERKN5boost16exception_detail10type_info_ELb0EE7_M_headERS5_
FNA:5,69,_ZNSt10_Head_baseILm0ERKN5boost9unit_test13basic_cstringIKcEELb0EE7_M_headERS7_
FNA:5,3,_ZNSt10_Head_baseILm0ERKN5boost9unit_test13output_formatELb0EE7_M_headERS5_
FNA:5,0,_ZNSt10_Head_baseILm0ERKNSt7__cxx1112basic_stringIcSt11char_traitsIcESaIcEEELb0EE7_M_headERS8_
FNA:5,273,_ZNSt10_Head_baseILm0ERKmLb0EE7_M_headERS2_
FNL:6,2427,2428
FNA:6,9,_ZSt12__get_helperILm0EON5boost9unit_test13basic_cstringIKcEEJEERT0_RSt11_Tuple_implIXT_EJS6_DpT1_EE
FNA:6,27,_ZSt12__get_helperILm0EONSt7__cxx1112basic_stringIcSt11char_traitsIcESaIcEEEJEERT0_RSt11_Tuple_implIXT_EJS7_DpT1_EE
FNA:6,0,_ZSt12__get_helperILm0EOmJEERT0_RSt11_Tuple_implIXT_EJS1_DpT1_EE
FNA:6,0,_ZSt12__get_helperILm0ERKN5boost16exception_detail10type_info_EJEERT0_RSt11_Tuple_implIXT_EJS5_DpT1_EE
FNA:6,69,_ZSt12__get_helperILm0ERKN5boost9unit_test13basic_cstringIKcEEJEERT0_RSt11_Tuple_implIXT_EJS7_DpT1_EE
FNA:6,3,_ZSt12__get_helperILm0ERKN5boost9unit_test13output_formatEJEERT0_RSt11_Tuple_implIXT_EJS5_DpT1_EE
FNA:6,0,_ZSt12__get_helperILm0ERKNSt7__cxx1112basic_stringIcSt11char_traitsIcESaIcEEEJEERT0_RSt11_Tuple_implIXT_EJS8_DpT1_EE
FNA:6,273,_ZSt12__get_helperILm0ERKmJEERT0_RSt11_Tuple_implIXT_EJS2_DpT1_EE
FNL:7,2443,2444
FNA:7,9,_ZSt3getILm0EJON5boost9unit_test13basic_cstringIKcEEEERNSt13tuple_elementIXT_ESt5tupleIJDpT0_EEE4typeERSA_
FNA:7,27,_ZSt3getILm0EJONSt7__cxx1112basic_stringIcSt11char_traitsIcESaIcEEEEERNSt13tuple_elementIXT_ESt5tupleIJDpT0_EEE4typeERSB_
FNA:7,0,_ZSt3getILm0EJOmEERNSt13tuple_elementIXT_ESt5tupleIJDpT0_EEE4typeERS5_
FNA:7,0,_ZSt3getILm0EJRKN5boost16exception_detail10type_info_EEERNSt13tuple_elementIXT_ESt5tupleIJDpT0_EEE4typeERS9_
FNA:7,69,_ZSt3getILm0EJRKN5boost9unit_test13basic_cstringIKcEEEERNSt13tuple_elementIXT_ESt5tupleIJDpT0_EEE4typeERSB_
FNA:7,3,_ZSt3getILm0EJRKN5boost9unit_test13output_formatEEERNSt13tuple_elementIXT_ESt5tupleIJDpT0_EEE4typeERS9_
FNA:7,0,_ZSt3getILm0EJRKNSt7__cxx1112basic_stringIcSt11char_traitsIcESaIcEEEEERNSt13tuple_elementIXT_ESt5tupleIJDpT0_EEE4typeERSC_
FNA:7,273,_ZSt3getILm0EJRKmEERNSt13tuple_elementIXT_ESt5tupleIJDpT0_EEE4typeERS6_
FNL:8,2650,2651
FNA:8,9,_ZSt16forward_as_tupleIJN5boost9unit_test13basic_cstringIKcEEEESt5tupleIJDpOT_EES8_
FNA:8,27,_ZSt16forward_as_tupleIJNSt7__cxx1112basic_stringIcSt11char_traitsIcESaIcEEEEESt5tupleIJDpOT_EES9_
FNA:8,0,_ZSt16forward_as_tupleIJmEESt5tupleIJDpOT_EES3_
FNL:9,2872,2878
FNA:9,0,_ZNSt4pairIKN5boost16exception_detail10type_info_ENS0_10shared_ptrINS1_15error_info_baseEEEEC2IJRS3_EJEEESt21piecewise_construct_tSt5tupleIJDpT_EESB_IJDpT0_EE
FNA:9,9,_ZNSt4pairIKN5boost9unit_test13basic_cstringIKcEENS0_10shared_ptrINS0_7runtime3cla13rt_cla_detail14parameter_trieEEEEC2IJOS4_EJEEESt21piecewise_construct_tSt5tupleIJDpT_EESG_IJDpT0_EE
FNA:9,0,_ZNSt4pairIKN5boost9unit_test13basic_cstringIKcEENS0_10shared_ptrINS0_7runtime3cla13rt_cla_detail14parameter_trieEEEEC2IJRS5_EJEEESt21piecewise_construct_tSt5tupleIJDpT_EESG_IJDpT0_EE
FNA:9,69,_ZNSt4pairIKN5boost9unit_test13basic_cstringIKcEENS0_10shared_ptrINS0_7runtime8argumentEEEEC2IJRS5_EJEEESt21piecewise_construct_tSt5tupleIJDpT_EESE_IJDpT0_EE
FNA:9,3,_ZNSt4pairIKN5boost9unit_test13output_formatENS1_14runtime_config13stream_holderEEC2IJRS3_EJEEESt21piecewise_construct_tSt5tupleIJDpT_EESA_IJDpT0_EE
FNA:9,27,_ZNSt4pairIKNSt7__cxx1112basic_stringIcSt11char_traitsIcESaIcEEEN5boost8functionIFvRKNS7_5debug16dbg_startup_infoEEEEEC2IJOS5_EJEEESt21piecewise_construct_tSt5tupleIJDpT_EESJ_IJDpT0_EE
FNA:9,0,_ZNSt4pairIKNSt7__cxx1112basic_stringIcSt11char_traitsIcESaIcEEEN5boost8functionIFvRKNS7_5debug16dbg_startup_infoEEEEEC2IJRS6_EJEEESt21piecewise_construct_tSt5tupleIJDpT_EESJ_IJDpT0_EE
FNA:9,0,_ZNSt4pairIKmN5boost9unit_test12test_resultsEEC2IJOmEJEEESt21piecewise_construct_tSt5tupleIJDpT_EES8_IJDpT0_EE
FNA:9,138,_ZNSt4pairIKmN5boost9unit_test12test_resultsEEC2IJRS0_EJEEESt21piecewise_construct_tSt5tupleIJDpT_EES8_IJDpT0_EE
FNA:9,0,_ZNSt4pairIKmN5boost9unit_test6output10junit_impl16junit_log_helperEEC2IJRS0_EJEEESt21piecewise_construct_tSt5tupleIJDpT_EESA_IJDpT0_EE
FNA:9,135,_ZNSt4pairIKmN5boost9unit_test9framework4impl10order_infoEEC2IJRS0_EJEEESt21piecewise_construct_tSt5tupleIJDpT_EESA_IJDpT0_EE
FNA:9,0,_ZNSt4pairIKmPN5boost9unit_test9test_unitEEC2IJRS0_EJEEESt21piecewise_construct_tSt5tupleIJDpT_EES9_IJDpT0_EE
FNL:10,2884,2889
FNA:10,0,_ZNSt4pairIKN5boost16exception_detail10type_info_ENS0_10shared_ptrINS1_15error_info_baseEEEEC2IJRS3_EJLm0EEJEJEEERSt5tupleIJDpT_EERSA_IJDpT1_EESt12_Index_tupleIJXspT0_EEESJ_IJXspT2_EEE
FNA:10,9,_ZNSt4pairIKN5boost9unit_test13basic_cstringIKcEENS0_10shared_ptrINS0_7runtime3cla13rt_cla_detail14parameter_trieEEEEC2IJOS4_EJLm0EEJEJEEERSt5tupleIJDpT_EERSF_IJDpT1_EESt12_Index_tupleIJXspT0_EEESO_IJXspT2_EEE
FNA:10,0,_ZNSt4pairIKN5boost9unit_test13basic_cstringIKcEENS0_10shared_ptrINS0_7runtime3cla13rt_cla_detail14parameter_trieEEEEC2IJRS5_EJLm0EEJEJEEERSt5tupleIJDpT_EERSF_IJDpT1_EESt12_Index_tupleIJXspT0_EEESO_IJXspT2_EEE
FNA:10,69,_ZNSt4pairIKN5boost9unit_test13basic_cstringIKcEENS0_10shared_ptrINS0_7runtime8argumentEEEEC2IJRS5_EJLm0EEJEJEEERSt5tupleIJDpT_EERSD_IJDpT1_EESt12_Index_tupleIJXspT0_EEESM_IJXspT2_EEE
FNA:10,3,_ZNSt4pairIKN5boost9unit_test13output_formatENS1_14runtime_config13stream_holderEEC2IJRS3_EJLm0EEJEJEEERSt5tupleIJDpT_EERS9_IJDpT1_EESt12_Index_tupleIJXspT0_EEESI_IJXspT2_EEE
FNA:10,27,_ZNSt4pairIKNSt7__cxx1112basic_stringIcSt11char_traitsIcESaIcEEEN5boost8functionIFvRKNS7_5debug16dbg_startup_infoEEEEEC2IJOS5_EJLm0EEJEJEEERSt5tupleIJDpT_EERSI_IJDpT1_EESt12_Index_tupleIJXspT0_EEESR_IJXspT2_EEE
FNA:10,0,_ZNSt4pairIKNSt7__cxx1112basic_stringIcSt11char_traitsIcESaIcEEEN5boost8functionIFvRKNS7_5debug16dbg_startup_infoEEEEEC2IJRS6_EJLm0EEJEJEEERSt5tupleIJDpT_EERSI_IJDpT1_EESt12_Index_tupleIJXspT0_EEESR_IJXspT2_EEE
FNA:10,0,_ZNSt4pairIKmN5boost9unit_test12test_resultsEEC2IJOmEJLm0EEJEJEEERSt5tupleIJDpT_EERS7_IJDpT1_EESt12_Index_tupleIJXspT0_EEESG_IJXspT2_EEE
FNA:10,138,_ZNSt4pairIKmN5boost9unit_test12test_resultsEEC2IJRS0_EJLm0EEJEJEEERSt5tupleIJDpT_EERS7_IJDpT1_EESt12_Index_tupleIJXspT0_EEESG_IJXspT2_EEE
FNA:10,0,_ZNSt4pairIKmN5boost9unit_test6output10junit_impl16junit_log_helperEEC2IJRS0_EJLm0EEJEJEEERSt5tupleIJDpT_EERS9_IJDpT1_EESt12_Index_tupleIJXspT0_EEESI_IJXspT2_EEE
FNA:10,135,_ZNSt4pairIKmN5boost9unit_test9framework4impl10order_infoEEC2IJRS0_EJLm0EEJEJEEERSt5tupleIJDpT_EERS9_IJDpT1_EESt12_Index_tupleIJXspT0_EEESI_IJXspT2_EEE
FNA:10,0,_ZNSt4pairIKmPN5boost9unit_test9test_unitEEC2IJRS0_EJLm0EEJEJEEERSt5tupleIJDpT_EERS8_IJDpT1_EESt12_Index_tupleIJXspT0_EEESH_IJXspT2_EEE
FNL:11,556,556
FNA:11,9,_ZNSt11_Tuple_implILm0EJON5boost9unit_test13basic_cstringIKcEEEE7_M_headERS6_
FNA:11,27,_ZNSt11_Tuple_implILm0EJONSt7__cxx1112basic_stringIcSt11char_traitsIcESaIcEEEEE7_M_headERS7_
FNA:11,0,_ZNSt11_Tuple_implILm0EJOmEE7_M_headERS1_
FNA:11,0,_ZNSt11_Tuple_implILm0EJRKN5boost16exception_detail10type_info_EEE7_M_headERS5_
FNA:11,69,_ZNSt11_Tuple_implILm0EJRKN5boost9unit_test13basic_cstringIKcEEEE7_M_headERS7_
FNA:11,3,_ZNSt11_Tuple_implILm0EJRKN5boost9unit_test13output_formatEEE7_M_headERS5_
FNA:11,0,_ZNSt11_Tuple_implILm0EJRKNSt7__cxx1112basic_stringIcSt11char_traitsIcESaIcEEEEE7_M_headERS8_
FNA:11,273,_ZNSt11_Tuple_implILm0EJRKmEE7_M_headERS2_
FNL:12,566,568
FNA:12,0,_ZNSt11_Tuple_implILm0EJRKN5boost16exception_detail10type_info_EEEC2ES4_
FNA:12,69,_ZNSt11_Tuple_implILm0EJRKN5boost9unit_test13basic_cstringIKcEEEEC2ES6_
FNA:12,3,_ZNSt11_Tuple_implILm0EJRKN5boost9unit_test13output_formatEEEC2ES4_
FNA:12,0,_ZNSt11_Tuple_implILm0EJRKNSt7__cxx1112basic_stringIcSt11char_traitsIcESaIcEEEEEC2ES7_
FNA:12,273,_ZNSt11_Tuple_implILm0EJRKmEEC2ES1_
FNL:13,572,574
FNA:13,9,_ZNSt11_Tuple_implILm0EJON5boost9unit_test13basic_cstringIKcEEEEC2IS4_EEOT_
FNA:13,27,_ZNSt11_Tuple_implILm0EJONSt7__cxx1112basic_stringIcSt11char_traitsIcESaIcEEEEEC2IS5_EEOT_
FNA:13,0,_ZNSt11_Tuple_implILm0EJOmEEC2ImEEOT_
FNL:14,586,589
FNA:14,9,_ZNSt11_Tuple_implILm0EJON5boost9unit_test13basic_cstringIKcEEEEC2EOS6_
FNA:14,27,_ZNSt11_Tuple_implILm0EJONSt7__cxx1112basic_stringIcSt11char_traitsIcESaIcEEEEEC2EOS7_
FNA:14,0,_ZNSt11_Tuple_implILm0EJOmEEC2EOS1_
FNA:14,0,_ZNSt11_Tuple_implILm0EJRKN5boost16exception_detail10type_info_EEEC2EOS5_
FNA:14,69,_ZNSt11_Tuple_implILm0EJRKN5boost9unit_test13basic_cstringIKcEEEEC2EOS7_
FNA:14,3,_ZNSt11_Tuple_implILm0EJRKN5boost9unit_test13output_formatEEEC2EOS5_
FNA:14,0,_ZNSt11_Tuple_implILm0EJRKNSt7__cxx1112basic_stringIcSt11char_traitsIcESaIcEEEEEC2EOS8_
FNA:14,273,_ZNSt11_Tuple_implILm0EJRKmEEC2EOS2_
FNF:15
FNH:15
DA:201,345
DA:202,345
DA:208,36
DA:209,36
DA:242,381
DA:556,381
DA:566,345
DA:567,345
DA:568,345
DA:572,36
DA:573,36
DA:574,36
DA:586,381
DA:588,381
DA:589,381
DA:1472,345
DA:1474,345
DA:1487,36
DA:1489,36
DA:1490,36
DA:1503,381
DA:2427,381
DA:2428,381
DA:2443,381
DA:2444,381
DA:2650,36
DA:2651,36
DA:2872,381
DA:2877,381
DA:2878,381
DA:2884,381
DA:2887,381
DA:2888,381
DA:2889,381
LF:34
LH:34
end_of_record
TN:
SF:/usr/include/c++/14/typeinfo
FNL:0,102,103
FNA:0,0,_ZNKSt9type_info4nameEv
FNL:1,192,209
FNA:1,0,_ZNKSt9type_infoeqERKS_
FNF:2
FNH:0
DA:102,0
DA:103,0
DA:192,0
DA:194,0
DA:195,0
DA:197,0
DA:198,0
DA:205,0
LF:8
LH:0
end_of_record
TN:
SF:/usr/include/x86_64-linux-gnu/c++/14/bits/c++config.h
FNF:0
FNH:0
DA:550,403117
DA:609,0
LF:2
LH:1
end_of_record
